ARM GAS  C:\Users\kopusov.FT\AppData\Local\Temp\cczGUxKa.s 			page 1


   1              		.syntax unified
   2              		.cpu cortex-m3
   3              		.fpu softvfp
   4              		.eabi_attribute 20, 1
   5              		.eabi_attribute 21, 1
   6              		.eabi_attribute 23, 3
   7              		.eabi_attribute 24, 1
   8              		.eabi_attribute 25, 1
   9              		.eabi_attribute 26, 1
  10              		.eabi_attribute 30, 1
  11              		.eabi_attribute 34, 1
  12              		.eabi_attribute 18, 4
  13              		.thumb
  14              		.file	"cymetadata.c"
  15              		.text
  16              	.Ltext0:
  17              		.cfi_sections	.debug_frame
  18              		.global	cy_metadata
  19              		.global	cy_meta_flashprotect
  20              		.global	cy_meta_wonvl
  21              		.global	cy_meta_custnvl
  22              		.global	cy_meta_configecc
  23              		.section	.cyconfigecc,"a",%progbits
  24              		.align	2
  25              		.type	cy_meta_configecc, %object
  26              		.size	cy_meta_configecc, 952
  27              	cy_meta_configecc:
  28 0000 01       		.byte	1
  29 0001 45       		.byte	69
  30 0002 00       		.byte	0
  31 0003 40       		.byte	64
  32 0004 05       		.byte	5
  33 0005 52       		.byte	82
  34 0006 00       		.byte	0
  35 0007 40       		.byte	64
  36 0008 01       		.byte	1
  37 0009 65       		.byte	101
  38 000a 00       		.byte	0
  39 000b 40       		.byte	64
  40 000c 02       		.byte	2
  41 000d 03       		.byte	3
  42 000e 01       		.byte	1
  43 000f 40       		.byte	64
  44 0010 02       		.byte	2
  45 0011 05       		.byte	5
  46 0012 01       		.byte	1
  47 0013 40       		.byte	64
  48 0014 67       		.byte	103
  49 0015 06       		.byte	6
  50 0016 01       		.byte	1
  51 0017 40       		.byte	64
  52 0018 3B       		.byte	59
  53 0019 07       		.byte	7
  54 001a 01       		.byte	1
  55 001b 40       		.byte	64
  56 001c 01       		.byte	1
  57 001d 09       		.byte	9
ARM GAS  C:\Users\kopusov.FT\AppData\Local\Temp\cczGUxKa.s 			page 2


  58 001e 01       		.byte	1
  59 001f 40       		.byte	64
  60 0020 02       		.byte	2
  61 0021 0D       		.byte	13
  62 0022 01       		.byte	1
  63 0023 40       		.byte	64
  64 0024 02       		.byte	2
  65 0025 15       		.byte	21
  66 0026 01       		.byte	1
  67 0027 40       		.byte	64
  68 0028 4E       		.byte	78
  69 0029 16       		.byte	22
  70 002a 01       		.byte	1
  71 002b 40       		.byte	64
  72 002c 45       		.byte	69
  73 002d 17       		.byte	23
  74 002e 01       		.byte	1
  75 002f 40       		.byte	64
  76 0030 01       		.byte	1
  77 0031 19       		.byte	25
  78 0032 01       		.byte	1
  79 0033 40       		.byte	64
  80 0034 04       		.byte	4
  81 0035 40       		.byte	64
  82 0036 01       		.byte	1
  83 0037 40       		.byte	64
  84 0038 0A       		.byte	10
  85 0039 41       		.byte	65
  86 003a 01       		.byte	1
  87 003b 40       		.byte	64
  88 003c 09       		.byte	9
  89 003d 42       		.byte	66
  90 003e 01       		.byte	1
  91 003f 40       		.byte	64
  92 0040 04       		.byte	4
  93 0041 43       		.byte	67
  94 0042 01       		.byte	1
  95 0043 40       		.byte	64
  96 0044 02       		.byte	2
  97 0045 44       		.byte	68
  98 0046 01       		.byte	1
  99 0047 40       		.byte	64
 100 0048 04       		.byte	4
 101 0049 45       		.byte	69
 102 004a 01       		.byte	1
 103 004b 40       		.byte	64
 104 004c 03       		.byte	3
 105 004d 46       		.byte	70
 106 004e 01       		.byte	1
 107 004f 40       		.byte	64
 108 0050 07       		.byte	7
 109 0051 47       		.byte	71
 110 0052 01       		.byte	1
 111 0053 40       		.byte	64
 112 0054 04       		.byte	4
 113 0055 48       		.byte	72
 114 0056 01       		.byte	1
ARM GAS  C:\Users\kopusov.FT\AppData\Local\Temp\cczGUxKa.s 			page 3


 115 0057 40       		.byte	64
 116 0058 04       		.byte	4
 117 0059 49       		.byte	73
 118 005a 01       		.byte	1
 119 005b 40       		.byte	64
 120 005c 01       		.byte	1
 121 005d 4C       		.byte	76
 122 005e 01       		.byte	1
 123 005f 40       		.byte	64
 124 0060 04       		.byte	4
 125 0061 50       		.byte	80
 126 0062 01       		.byte	1
 127 0063 40       		.byte	64
 128 0064 01       		.byte	1
 129 0065 51       		.byte	81
 130 0066 01       		.byte	1
 131 0067 40       		.byte	64
 132 0068 7E       		.byte	126
 133 0069 02       		.byte	2
 134 006a 00       		.byte	0
 135 006b 80       		.byte	-128
 136 006c 01       		.byte	1
 137 006d 80       		.byte	-128
 138 006e 30       		.byte	48
 139 006f 08       		.byte	8
 140 0070 31       		.byte	49
 141 0071 08       		.byte	8
 142 0072 7C       		.byte	124
 143 0073 40       		.byte	64
 144 0074 86       		.byte	-122
 145 0075 3F       		.byte	63
 146 0076 E6       		.byte	-26
 147 0077 02       		.byte	2
 148 0078 EA       		.byte	-22
 149 0079 04       		.byte	4
 150 007a 80       		.byte	-128
 151 007b 40       		.byte	64
 152 007c 86       		.byte	-122
 153 007d 01       		.byte	1
 154 007e 00       		.byte	0
 155 007f 40       		.byte	64
 156 0080 01       		.byte	1
 157 0081 03       		.byte	3
 158 0082 02       		.byte	2
 159 0083 BF       		.byte	-65
 160 0084 05       		.byte	5
 161 0085 01       		.byte	1
 162 0086 06       		.byte	6
 163 0087 01       		.byte	1
 164 0088 08       		.byte	8
 165 0089 02       		.byte	2
 166 008a 0C       		.byte	12
 167 008b 7F       		.byte	127
 168 008c 0E       		.byte	14
 169 008d 80       		.byte	-128
 170 008e 0F       		.byte	15
 171 008f 01       		.byte	1
ARM GAS  C:\Users\kopusov.FT\AppData\Local\Temp\cczGUxKa.s 			page 4


 172 0090 10       		.byte	16
 173 0091 3F       		.byte	63
 174 0092 13       		.byte	19
 175 0093 01       		.byte	1
 176 0094 14       		.byte	20
 177 0095 80       		.byte	-128
 178 0096 15       		.byte	21
 179 0097 02       		.byte	2
 180 0098 17       		.byte	23
 181 0099 01       		.byte	1
 182 009a 19       		.byte	25
 183 009b 01       		.byte	1
 184 009c 1A       		.byte	26
 185 009d 10       		.byte	16
 186 009e 1D       		.byte	29
 187 009f 02       		.byte	2
 188 00a0 1E       		.byte	30
 189 00a1 BF       		.byte	-65
 190 00a2 1F       		.byte	31
 191 00a3 01       		.byte	1
 192 00a4 22       		.byte	34
 193 00a5 08       		.byte	8
 194 00a6 26       		.byte	38
 195 00a7 20       		.byte	32
 196 00a8 27       		.byte	39
 197 00a9 01       		.byte	1
 198 00aa 2A       		.byte	42
 199 00ab C0       		.byte	-64
 200 00ac 2B       		.byte	43
 201 00ad 01       		.byte	1
 202 00ae 2E       		.byte	46
 203 00af 04       		.byte	4
 204 00b0 2F       		.byte	47
 205 00b1 01       		.byte	1
 206 00b2 32       		.byte	50
 207 00b3 FF       		.byte	-1
 208 00b4 33       		.byte	51
 209 00b5 02       		.byte	2
 210 00b6 35       		.byte	53
 211 00b7 01       		.byte	1
 212 00b8 3F       		.byte	63
 213 00b9 14       		.byte	20
 214 00ba 40       		.byte	64
 215 00bb 40       		.byte	64
 216 00bc 41       		.byte	65
 217 00bd 05       		.byte	5
 218 00be 46       		.byte	70
 219 00bf 12       		.byte	18
 220 00c0 48       		.byte	72
 221 00c1 0C       		.byte	12
 222 00c2 49       		.byte	73
 223 00c3 FF       		.byte	-1
 224 00c4 4A       		.byte	74
 225 00c5 FF       		.byte	-1
 226 00c6 4B       		.byte	75
 227 00c7 FF       		.byte	-1
 228 00c8 4D       		.byte	77
ARM GAS  C:\Users\kopusov.FT\AppData\Local\Temp\cczGUxKa.s 			page 5


 229 00c9 A0       		.byte	-96
 230 00ca 4F       		.byte	79
 231 00cb 04       		.byte	4
 232 00cc 50       		.byte	80
 233 00cd 18       		.byte	24
 234 00ce 54       		.byte	84
 235 00cf 07       		.byte	7
 236 00d0 58       		.byte	88
 237 00d1 04       		.byte	4
 238 00d2 59       		.byte	89
 239 00d3 04       		.byte	4
 240 00d4 5A       		.byte	90
 241 00d5 04       		.byte	4
 242 00d6 5B       		.byte	91
 243 00d7 04       		.byte	4
 244 00d8 5D       		.byte	93
 245 00d9 01       		.byte	1
 246 00da 5F       		.byte	95
 247 00db 01       		.byte	1
 248 00dc 60       		.byte	96
 249 00dd 40       		.byte	64
 250 00de 62       		.byte	98
 251 00df C0       		.byte	-64
 252 00e0 64       		.byte	100
 253 00e1 40       		.byte	64
 254 00e2 65       		.byte	101
 255 00e3 40       		.byte	64
 256 00e4 66       		.byte	102
 257 00e5 C0       		.byte	-64
 258 00e6 68       		.byte	104
 259 00e7 C0       		.byte	-64
 260 00e8 6A       		.byte	106
 261 00e9 C0       		.byte	-64
 262 00ea 6C       		.byte	108
 263 00eb C0       		.byte	-64
 264 00ec 6E       		.byte	110
 265 00ed C0       		.byte	-64
 266 00ee 82       		.byte	-126
 267 00ef 05       		.byte	5
 268 00f0 84       		.byte	-124
 269 00f1 01       		.byte	1
 270 00f2 88       		.byte	-120
 271 00f3 28       		.byte	40
 272 00f4 8A       		.byte	-118
 273 00f5 50       		.byte	80
 274 00f6 8B       		.byte	-117
 275 00f7 02       		.byte	2
 276 00f8 8C       		.byte	-116
 277 00f9 06       		.byte	6
 278 00fa 8F       		.byte	-113
 279 00fb 01       		.byte	1
 280 00fc 90       		.byte	-112
 281 00fd 07       		.byte	7
 282 00fe 93       		.byte	-109
 283 00ff 03       		.byte	3
 284 0100 9C       		.byte	-100
 285 0101 30       		.byte	48
ARM GAS  C:\Users\kopusov.FT\AppData\Local\Temp\cczGUxKa.s 			page 6


 286 0102 9E       		.byte	-98
 287 0103 48       		.byte	72
 288 0104 A2       		.byte	-94
 289 0105 03       		.byte	3
 290 0106 B0       		.byte	-80
 291 0107 06       		.byte	6
 292 0108 B2       		.byte	-78
 293 0109 60       		.byte	96
 294 010a B3       		.byte	-77
 295 010b 01       		.byte	1
 296 010c B4       		.byte	-76
 297 010d 01       		.byte	1
 298 010e B6       		.byte	-74
 299 010f 18       		.byte	24
 300 0110 B7       		.byte	-73
 301 0111 02       		.byte	2
 302 0112 B8       		.byte	-72
 303 0113 20       		.byte	32
 304 0114 B9       		.byte	-71
 305 0115 02       		.byte	2
 306 0116 BE       		.byte	-66
 307 0117 44       		.byte	68
 308 0118 C0       		.byte	-64
 309 0119 40       		.byte	64
 310 011a C1       		.byte	-63
 311 011b 03       		.byte	3
 312 011c C6       		.byte	-58
 313 011d 01       		.byte	1
 314 011e C7       		.byte	-57
 315 011f 02       		.byte	2
 316 0120 C8       		.byte	-56
 317 0121 14       		.byte	20
 318 0122 C9       		.byte	-55
 319 0123 FF       		.byte	-1
 320 0124 CA       		.byte	-54
 321 0125 FF       		.byte	-1
 322 0126 CB       		.byte	-53
 323 0127 FF       		.byte	-1
 324 0128 CD       		.byte	-51
 325 0129 A0       		.byte	-96
 326 012a CF       		.byte	-49
 327 012b 04       		.byte	4
 328 012c D0       		.byte	-48
 329 012d 18       		.byte	24
 330 012e D8       		.byte	-40
 331 012f 04       		.byte	4
 332 0130 D9       		.byte	-39
 333 0131 04       		.byte	4
 334 0132 DA       		.byte	-38
 335 0133 04       		.byte	4
 336 0134 DC       		.byte	-36
 337 0135 10       		.byte	16
 338 0136 DD       		.byte	-35
 339 0137 01       		.byte	1
 340 0138 DF       		.byte	-33
 341 0139 01       		.byte	1
 342 013a E0       		.byte	-32
ARM GAS  C:\Users\kopusov.FT\AppData\Local\Temp\cczGUxKa.s 			page 7


 343 013b 40       		.byte	64
 344 013c E2       		.byte	-30
 345 013d C0       		.byte	-64
 346 013e E4       		.byte	-28
 347 013f 40       		.byte	64
 348 0140 E5       		.byte	-27
 349 0141 40       		.byte	64
 350 0142 E6       		.byte	-26
 351 0143 C0       		.byte	-64
 352 0144 E8       		.byte	-24
 353 0145 C0       		.byte	-64
 354 0146 EA       		.byte	-22
 355 0147 C0       		.byte	-64
 356 0148 EC       		.byte	-20
 357 0149 C0       		.byte	-64
 358 014a EE       		.byte	-18
 359 014b C0       		.byte	-64
 360 014c 00       		.byte	0
 361 014d 40       		.byte	64
 362 014e 01       		.byte	1
 363 014f 08       		.byte	8
 364 0150 02       		.byte	2
 365 0151 08       		.byte	8
 366 0152 03       		.byte	3
 367 0153 40       		.byte	64
 368 0154 06       		.byte	6
 369 0155 0A       		.byte	10
 370 0156 07       		.byte	7
 371 0157 50       		.byte	80
 372 0158 08       		.byte	8
 373 0159 08       		.byte	8
 374 015a 09       		.byte	9
 375 015b 89       		.byte	-119
 376 015c 0E       		.byte	14
 377 015d 44       		.byte	68
 378 015e 0F       		.byte	15
 379 015f 21       		.byte	33
 380 0160 12       		.byte	18
 381 0161 80       		.byte	-128
 382 0162 13       		.byte	19
 383 0163 01       		.byte	1
 384 0164 14       		.byte	20
 385 0165 08       		.byte	8
 386 0166 15       		.byte	21
 387 0167 40       		.byte	64
 388 0168 16       		.byte	22
 389 0169 20       		.byte	32
 390 016a 17       		.byte	23
 391 016b 01       		.byte	1
 392 016c 18       		.byte	24
 393 016d 60       		.byte	96
 394 016e 19       		.byte	25
 395 016f 10       		.byte	16
 396 0170 1A       		.byte	26
 397 0171 02       		.byte	2
 398 0172 1D       		.byte	29
 399 0173 08       		.byte	8
ARM GAS  C:\Users\kopusov.FT\AppData\Local\Temp\cczGUxKa.s 			page 8


 400 0174 21       		.byte	33
 401 0175 82       		.byte	-126
 402 0176 22       		.byte	34
 403 0177 08       		.byte	8
 404 0178 24       		.byte	36
 405 0179 14       		.byte	20
 406 017a 26       		.byte	38
 407 017b 04       		.byte	4
 408 017c 2E       		.byte	46
 409 017d 64       		.byte	100
 410 017e 2F       		.byte	47
 411 017f 0A       		.byte	10
 412 0180 31       		.byte	49
 413 0181 02       		.byte	2
 414 0182 35       		.byte	53
 415 0183 04       		.byte	4
 416 0184 36       		.byte	54
 417 0185 81       		.byte	-127
 418 0186 37       		.byte	55
 419 0187 11       		.byte	17
 420 0188 38       		.byte	56
 421 0189 80       		.byte	-128
 422 018a 3A       		.byte	58
 423 018b 10       		.byte	16
 424 018c 3C       		.byte	60
 425 018d 80       		.byte	-128
 426 018e 3D       		.byte	61
 427 018f 42       		.byte	66
 428 0190 3E       		.byte	62
 429 0191 0A       		.byte	10
 430 0192 41       		.byte	65
 431 0193 06       		.byte	6
 432 0194 45       		.byte	69
 433 0195 02       		.byte	2
 434 0196 4F       		.byte	79
 435 0197 80       		.byte	-128
 436 0198 50       		.byte	80
 437 0199 40       		.byte	64
 438 019a 51       		.byte	81
 439 019b 04       		.byte	4
 440 019c 56       		.byte	86
 441 019d 10       		.byte	16
 442 019e 57       		.byte	87
 443 019f 40       		.byte	64
 444 01a0 5C       		.byte	92
 445 01a1 14       		.byte	20
 446 01a2 5F       		.byte	95
 447 01a3 40       		.byte	64
 448 01a4 80       		.byte	-128
 449 01a5 10       		.byte	16
 450 01a6 8B       		.byte	-117
 451 01a7 40       		.byte	64
 452 01a8 94       		.byte	-108
 453 01a9 40       		.byte	64
 454 01aa 96       		.byte	-106
 455 01ab 02       		.byte	2
 456 01ac C0       		.byte	-64
ARM GAS  C:\Users\kopusov.FT\AppData\Local\Temp\cczGUxKa.s 			page 9


 457 01ad FF       		.byte	-1
 458 01ae C2       		.byte	-62
 459 01af F9       		.byte	-7
 460 01b0 C4       		.byte	-60
 461 01b1 F8       		.byte	-8
 462 01b2 CA       		.byte	-54
 463 01b3 70       		.byte	112
 464 01b4 CC       		.byte	-52
 465 01b5 F1       		.byte	-15
 466 01b6 CE       		.byte	-50
 467 01b7 DC       		.byte	-36
 468 01b8 D0       		.byte	-48
 469 01b9 83       		.byte	-125
 470 01ba D2       		.byte	-46
 471 01bb 10       		.byte	16
 472 01bc D6       		.byte	-42
 473 01bd 70       		.byte	112
 474 01be E0       		.byte	-32
 475 01bf 04       		.byte	4
 476 01c0 E2       		.byte	-30
 477 01c1 20       		.byte	32
 478 01c2 E0       		.byte	-32
 479 01c3 04       		.byte	4
 480 01c4 E6       		.byte	-26
 481 01c5 02       		.byte	2
 482 01c6 EA       		.byte	-22
 483 01c7 04       		.byte	4
 484 01c8 86       		.byte	-122
 485 01c9 80       		.byte	-128
 486 01ca 9E       		.byte	-98
 487 01cb 80       		.byte	-128
 488 01cc 00       		.byte	0
 489 01cd 84       		.byte	-124
 490 01ce 01       		.byte	1
 491 01cf 10       		.byte	16
 492 01d0 02       		.byte	2
 493 01d1 7A       		.byte	122
 494 01d2 04       		.byte	4
 495 01d3 85       		.byte	-123
 496 01d4 05       		.byte	5
 497 01d5 10       		.byte	16
 498 01d6 06       		.byte	6
 499 01d7 6A       		.byte	106
 500 01d8 0B       		.byte	11
 501 01d9 28       		.byte	40
 502 01da 0D       		.byte	13
 503 01db 04       		.byte	4
 504 01dc 0F       		.byte	15
 505 01dd 21       		.byte	33
 506 01de 11       		.byte	17
 507 01df 10       		.byte	16
 508 01e0 12       		.byte	18
 509 01e1 50       		.byte	80
 510 01e2 14       		.byte	20
 511 01e3 26       		.byte	38
 512 01e4 15       		.byte	21
 513 01e5 08       		.byte	8
ARM GAS  C:\Users\kopusov.FT\AppData\Local\Temp\cczGUxKa.s 			page 10


 514 01e6 17       		.byte	23
 515 01e7 36       		.byte	54
 516 01e8 19       		.byte	25
 517 01e9 10       		.byte	16
 518 01ea 1D       		.byte	29
 519 01eb 10       		.byte	16
 520 01ec 1E       		.byte	30
 521 01ed 03       		.byte	3
 522 01ee 21       		.byte	33
 523 01ef 1F       		.byte	31
 524 01f0 23       		.byte	35
 525 01f1 20       		.byte	32
 526 01f2 27       		.byte	39
 527 01f3 10       		.byte	16
 528 01f4 29       		.byte	41
 529 01f5 20       		.byte	32
 530 01f6 2C       		.byte	44
 531 01f7 DD       		.byte	-35
 532 01f8 2D       		.byte	45
 533 01f9 10       		.byte	16
 534 01fa 2E       		.byte	46
 535 01fb 02       		.byte	2
 536 01fc 30       		.byte	48
 537 01fd 40       		.byte	64
 538 01fe 32       		.byte	50
 539 01ff 3C       		.byte	60
 540 0200 34       		.byte	52
 541 0201 80       		.byte	-128
 542 0202 35       		.byte	53
 543 0203 3C       		.byte	60
 544 0204 36       		.byte	54
 545 0205 03       		.byte	3
 546 0206 37       		.byte	55
 547 0207 03       		.byte	3
 548 0208 38       		.byte	56
 549 0209 20       		.byte	32
 550 020a 3E       		.byte	62
 551 020b 10       		.byte	16
 552 020c 40       		.byte	64
 553 020d 32       		.byte	50
 554 020e 41       		.byte	65
 555 020f 05       		.byte	5
 556 0210 42       		.byte	66
 557 0211 60       		.byte	96
 558 0212 44       		.byte	68
 559 0213 04       		.byte	4
 560 0214 46       		.byte	70
 561 0215 CE       		.byte	-50
 562 0216 48       		.byte	72
 563 0217 0C       		.byte	12
 564 0218 49       		.byte	73
 565 0219 FF       		.byte	-1
 566 021a 4A       		.byte	74
 567 021b FF       		.byte	-1
 568 021c 4B       		.byte	75
 569 021d FF       		.byte	-1
 570 021e 4C       		.byte	76
ARM GAS  C:\Users\kopusov.FT\AppData\Local\Temp\cczGUxKa.s 			page 11


 571 021f 02       		.byte	2
 572 0220 4D       		.byte	77
 573 0221 20       		.byte	32
 574 0222 4E       		.byte	78
 575 0223 70       		.byte	112
 576 0224 4F       		.byte	79
 577 0225 04       		.byte	4
 578 0226 50       		.byte	80
 579 0227 08       		.byte	8
 580 0228 56       		.byte	86
 581 0229 02       		.byte	2
 582 022a 57       		.byte	87
 583 022b 3A       		.byte	58
 584 022c 58       		.byte	88
 585 022d 04       		.byte	4
 586 022e 59       		.byte	89
 587 022f 04       		.byte	4
 588 0230 5A       		.byte	90
 589 0231 04       		.byte	4
 590 0232 5B       		.byte	91
 591 0233 04       		.byte	4
 592 0234 5F       		.byte	95
 593 0235 01       		.byte	1
 594 0236 62       		.byte	98
 595 0237 C0       		.byte	-64
 596 0238 64       		.byte	100
 597 0239 40       		.byte	64
 598 023a 65       		.byte	101
 599 023b 01       		.byte	1
 600 023c AE       		.byte	-82
 601 023d 01       		.byte	1
 602 023e B4       		.byte	-76
 603 023f 01       		.byte	1
 604 0240 C0       		.byte	-64
 605 0241 32       		.byte	50
 606 0242 C1       		.byte	-63
 607 0243 05       		.byte	5
 608 0244 C2       		.byte	-62
 609 0245 60       		.byte	96
 610 0246 C4       		.byte	-60
 611 0247 04       		.byte	4
 612 0248 C5       		.byte	-59
 613 0249 0B       		.byte	11
 614 024a C8       		.byte	-56
 615 024b 01       		.byte	1
 616 024c C9       		.byte	-55
 617 024d FF       		.byte	-1
 618 024e CA       		.byte	-54
 619 024f FF       		.byte	-1
 620 0250 CB       		.byte	-53
 621 0251 FF       		.byte	-1
 622 0252 CC       		.byte	-52
 623 0253 03       		.byte	3
 624 0254 CD       		.byte	-51
 625 0255 20       		.byte	32
 626 0256 CE       		.byte	-50
 627 0257 70       		.byte	112
ARM GAS  C:\Users\kopusov.FT\AppData\Local\Temp\cczGUxKa.s 			page 12


 628 0258 CF       		.byte	-49
 629 0259 04       		.byte	4
 630 025a D0       		.byte	-48
 631 025b 08       		.byte	8
 632 025c D8       		.byte	-40
 633 025d 04       		.byte	4
 634 025e DA       		.byte	-38
 635 025f 04       		.byte	4
 636 0260 DF       		.byte	-33
 637 0261 01       		.byte	1
 638 0262 E2       		.byte	-30
 639 0263 C0       		.byte	-64
 640 0264 E4       		.byte	-28
 641 0265 40       		.byte	64
 642 0266 E5       		.byte	-27
 643 0267 01       		.byte	1
 644 0268 04       		.byte	4
 645 0269 02       		.byte	2
 646 026a 05       		.byte	5
 647 026b 04       		.byte	4
 648 026c 08       		.byte	8
 649 026d 02       		.byte	2
 650 026e 09       		.byte	9
 651 026f 03       		.byte	3
 652 0270 0B       		.byte	11
 653 0271 80       		.byte	-128
 654 0272 0C       		.byte	12
 655 0273 02       		.byte	2
 656 0274 0D       		.byte	13
 657 0275 80       		.byte	-128
 658 0276 0F       		.byte	15
 659 0277 20       		.byte	32
 660 0278 10       		.byte	16
 661 0279 02       		.byte	2
 662 027a 14       		.byte	20
 663 027b 02       		.byte	2
 664 027c 19       		.byte	25
 665 027d 20       		.byte	32
 666 027e 1A       		.byte	26
 667 027f 08       		.byte	8
 668 0280 1C       		.byte	28
 669 0281 02       		.byte	2
 670 0282 1D       		.byte	29
 671 0283 86       		.byte	-122
 672 0284 1F       		.byte	31
 673 0285 10       		.byte	16
 674 0286 24       		.byte	36
 675 0287 02       		.byte	2
 676 0288 25       		.byte	37
 677 0289 70       		.byte	112
 678 028a 26       		.byte	38
 679 028b 80       		.byte	-128
 680 028c 2D       		.byte	45
 681 028d 80       		.byte	-128
 682 028e 2E       		.byte	46
 683 028f 28       		.byte	40
 684 0290 2F       		.byte	47
ARM GAS  C:\Users\kopusov.FT\AppData\Local\Temp\cczGUxKa.s 			page 13


 685 0291 40       		.byte	64
 686 0292 35       		.byte	53
 687 0293 04       		.byte	4
 688 0294 37       		.byte	55
 689 0295 51       		.byte	81
 690 0296 3D       		.byte	61
 691 0297 A0       		.byte	-96
 692 0298 3E       		.byte	62
 693 0299 05       		.byte	5
 694 029a 41       		.byte	65
 695 029b 28       		.byte	40
 696 029c 42       		.byte	66
 697 029d 80       		.byte	-128
 698 029e 45       		.byte	69
 699 029f 28       		.byte	40
 700 02a0 46       		.byte	70
 701 02a1 80       		.byte	-128
 702 02a2 48       		.byte	72
 703 02a3 01       		.byte	1
 704 02a4 49       		.byte	73
 705 02a5 28       		.byte	40
 706 02a6 4A       		.byte	74
 707 02a7 02       		.byte	2
 708 02a8 4E       		.byte	78
 709 02a9 06       		.byte	6
 710 02aa 56       		.byte	86
 711 02ab 20       		.byte	32
 712 02ac 57       		.byte	87
 713 02ad 50       		.byte	80
 714 02ae 5E       		.byte	94
 715 02af 08       		.byte	8
 716 02b0 63       		.byte	99
 717 02b1 C0       		.byte	-64
 718 02b2 67       		.byte	103
 719 02b3 20       		.byte	32
 720 02b4 6E       		.byte	110
 721 02b5 07       		.byte	7
 722 02b6 6F       		.byte	111
 723 02b7 0B       		.byte	11
 724 02b8 74       		.byte	116
 725 02b9 42       		.byte	66
 726 02ba 75       		.byte	117
 727 02bb 80       		.byte	-128
 728 02bc 76       		.byte	118
 729 02bd 08       		.byte	8
 730 02be 77       		.byte	119
 731 02bf 10       		.byte	16
 732 02c0 83       		.byte	-125
 733 02c1 48       		.byte	72
 734 02c2 96       		.byte	-106
 735 02c3 04       		.byte	4
 736 02c4 97       		.byte	-105
 737 02c5 40       		.byte	64
 738 02c6 9D       		.byte	-99
 739 02c7 0C       		.byte	12
 740 02c8 9E       		.byte	-98
 741 02c9 08       		.byte	8
ARM GAS  C:\Users\kopusov.FT\AppData\Local\Temp\cczGUxKa.s 			page 14


 742 02ca 9F       		.byte	-97
 743 02cb 10       		.byte	16
 744 02cc A1       		.byte	-95
 745 02cd 08       		.byte	8
 746 02ce A2       		.byte	-94
 747 02cf 04       		.byte	4
 748 02d0 A4       		.byte	-92
 749 02d1 40       		.byte	64
 750 02d2 A5       		.byte	-91
 751 02d3 01       		.byte	1
 752 02d4 A6       		.byte	-90
 753 02d5 81       		.byte	-127
 754 02d6 A7       		.byte	-89
 755 02d7 1A       		.byte	26
 756 02d8 A9       		.byte	-87
 757 02d9 14       		.byte	20
 758 02da AB       		.byte	-85
 759 02db 40       		.byte	64
 760 02dc C0       		.byte	-64
 761 02dd 30       		.byte	48
 762 02de C2       		.byte	-62
 763 02df B0       		.byte	-80
 764 02e0 C4       		.byte	-60
 765 02e1 81       		.byte	-127
 766 02e2 CA       		.byte	-54
 767 02e3 F0       		.byte	-16
 768 02e4 CC       		.byte	-52
 769 02e5 F0       		.byte	-16
 770 02e6 CE       		.byte	-50
 771 02e7 F0       		.byte	-16
 772 02e8 D0       		.byte	-48
 773 02e9 E7       		.byte	-25
 774 02ea D2       		.byte	-46
 775 02eb 3C       		.byte	60
 776 02ec D6       		.byte	-42
 777 02ed 40       		.byte	64
 778 02ee D8       		.byte	-40
 779 02ef 40       		.byte	64
 780 02f0 EA       		.byte	-22
 781 02f1 02       		.byte	2
 782 02f2 EA       		.byte	-22
 783 02f3 02       		.byte	2
 784 02f4 30       		.byte	48
 785 02f5 10       		.byte	16
 786 02f6 33       		.byte	51
 787 02f7 01       		.byte	1
 788 02f8 37       		.byte	55
 789 02f9 10       		.byte	16
 790 02fa CC       		.byte	-52
 791 02fb 70       		.byte	112
 792 02fc 53       		.byte	83
 793 02fd 10       		.byte	16
 794 02fe 66       		.byte	102
 795 02ff 08       		.byte	8
 796 0300 84       		.byte	-124
 797 0301 10       		.byte	16
 798 0302 9C       		.byte	-100
ARM GAS  C:\Users\kopusov.FT\AppData\Local\Temp\cczGUxKa.s 			page 15


 799 0303 10       		.byte	16
 800 0304 9F       		.byte	-97
 801 0305 01       		.byte	1
 802 0306 AB       		.byte	-85
 803 0307 10       		.byte	16
 804 0308 D4       		.byte	-44
 805 0309 20       		.byte	32
 806 030a D8       		.byte	-40
 807 030b 80       		.byte	-128
 808 030c E6       		.byte	-26
 809 030d 40       		.byte	64
 810 030e EA       		.byte	-22
 811 030f 20       		.byte	32
 812 0310 53       		.byte	83
 813 0311 80       		.byte	-128
 814 0312 57       		.byte	87
 815 0313 04       		.byte	4
 816 0314 83       		.byte	-125
 817 0315 80       		.byte	-128
 818 0316 87       		.byte	-121
 819 0317 10       		.byte	16
 820 0318 97       		.byte	-105
 821 0319 20       		.byte	32
 822 031a 9E       		.byte	-98
 823 031b 08       		.byte	8
 824 031c 9F       		.byte	-97
 825 031d 01       		.byte	1
 826 031e D4       		.byte	-44
 827 031f 60       		.byte	96
 828 0320 E6       		.byte	-26
 829 0321 60       		.byte	96
 830 0322 8A       		.byte	-118
 831 0323 08       		.byte	8
 832 0324 9E       		.byte	-98
 833 0325 08       		.byte	8
 834 0326 9F       		.byte	-97
 835 0327 01       		.byte	1
 836 0328 A7       		.byte	-89
 837 0329 04       		.byte	4
 838 032a 56       		.byte	86
 839 032b 01       		.byte	1
 840 032c D6       		.byte	-42
 841 032d 04       		.byte	4
 842 032e 87       		.byte	-121
 843 032f 10       		.byte	16
 844 0330 9E       		.byte	-98
 845 0331 01       		.byte	1
 846 0332 A7       		.byte	-89
 847 0333 40       		.byte	64
 848 0334 AB       		.byte	-85
 849 0335 40       		.byte	64
 850 0336 97       		.byte	-105
 851 0337 20       		.byte	32
 852 0338 9E       		.byte	-98
 853 0339 01       		.byte	1
 854 033a A7       		.byte	-89
 855 033b 40       		.byte	64
ARM GAS  C:\Users\kopusov.FT\AppData\Local\Temp\cczGUxKa.s 			page 16


 856 033c 0B       		.byte	11
 857 033d 24       		.byte	36
 858 033e 0F       		.byte	15
 859 033f 80       		.byte	-128
 860 0340 82       		.byte	-126
 861 0341 01       		.byte	1
 862 0342 97       		.byte	-105
 863 0343 20       		.byte	32
 864 0344 9E       		.byte	-98
 865 0345 01       		.byte	1
 866 0346 A7       		.byte	-89
 867 0347 40       		.byte	64
 868 0348 C2       		.byte	-62
 869 0349 0E       		.byte	14
 870 034a AB       		.byte	-85
 871 034b 04       		.byte	4
 872 034c AF       		.byte	-81
 873 034d 01       		.byte	1
 874 034e EA       		.byte	-22
 875 034f 40       		.byte	64
 876 0350 EE       		.byte	-18
 877 0351 20       		.byte	32
 878 0352 13       		.byte	19
 879 0353 04       		.byte	4
 880 0354 87       		.byte	-121
 881 0355 04       		.byte	4
 882 0356 C4       		.byte	-60
 883 0357 10       		.byte	16
 884 0358 E0       		.byte	-32
 885 0359 40       		.byte	64
 886 035a AF       		.byte	-81
 887 035b 04       		.byte	4
 888 035c 00       		.byte	0
 889 035d 03       		.byte	3
 890 035e 0A       		.byte	10
 891 035f 03       		.byte	3
 892 0360 10       		.byte	16
 893 0361 01       		.byte	1
 894 0362 1A       		.byte	26
 895 0363 01       		.byte	1
 896 0364 00       		.byte	0
 897 0365 2A       		.byte	42
 898 0366 00       		.byte	0
 899 0367 00       		.byte	0
 900 0368 01       		.byte	1
 901 0369 03       		.byte	3
 902 036a 00       		.byte	0
 903 036b 00       		.byte	0
 904 036c 02       		.byte	2
 905 036d 00       		.byte	0
 906 036e 00       		.byte	0
 907 036f 00       		.byte	0
 908 0370 00       		.byte	0
 909 0371 C1       		.byte	-63
 910 0372 C1       		.byte	-63
 911 0373 00       		.byte	0
 912 0374 C1       		.byte	-63
ARM GAS  C:\Users\kopusov.FT\AppData\Local\Temp\cczGUxKa.s 			page 17


 913 0375 00       		.byte	0
 914 0376 00       		.byte	0
 915 0377 00       		.byte	0
 916 0378 03       		.byte	3
 917 0379 00       		.byte	0
 918 037a 00       		.byte	0
 919 037b 02       		.byte	2
 920 037c 03       		.byte	3
 921 037d 00       		.byte	0
 922 037e 03       		.byte	3
 923 037f 00       		.byte	0
 924 0380 00       		.byte	0
 925 0381 03       		.byte	3
 926 0382 00       		.byte	0
 927 0383 00       		.byte	0
 928 0384 00       		.byte	0
 929 0385 02       		.byte	2
 930 0386 00       		.byte	0
 931 0387 01       		.byte	1
 932 0388 00       		.byte	0
 933 0389 00       		.byte	0
 934 038a 00       		.byte	0
 935 038b 00       		.byte	0
 936 038c 40       		.byte	64
 937 038d 00       		.byte	0
 938 038e 00       		.byte	0
 939 038f 00       		.byte	0
 940 0390 00       		.byte	0
 941 0391 00       		.byte	0
 942 0392 00       		.byte	0
 943 0393 00       		.byte	0
 944 0394 C0       		.byte	-64
 945 0395 00       		.byte	0
 946 0396 00       		.byte	0
 947 0397 00       		.byte	0
 948 0398 00       		.byte	0
 949 0399 0B       		.byte	11
 950 039a 0B       		.byte	11
 951 039b 00       		.byte	0
 952 039c 00       		.byte	0
 953 039d 00       		.byte	0
 954 039e 00       		.byte	0
 955 039f 00       		.byte	0
 956 03a0 00       		.byte	0
 957 03a1 7F       		.byte	127
 958 03a2 7F       		.byte	127
 959 03a3 00       		.byte	0
 960 03a4 00       		.byte	0
 961 03a5 00       		.byte	0
 962 03a6 00       		.byte	0
 963 03a7 00       		.byte	0
 964 03a8 00       		.byte	0
 965 03a9 00       		.byte	0
 966 03aa 00       		.byte	0
 967 03ab 00       		.byte	0
 968 03ac 00       		.byte	0
 969 03ad 00       		.byte	0
ARM GAS  C:\Users\kopusov.FT\AppData\Local\Temp\cczGUxKa.s 			page 18


 970 03ae 01       		.byte	1
 971 03af 00       		.byte	0
 972 03b0 00       		.byte	0
 973 03b1 0C       		.byte	12
 974 03b2 0C       		.byte	12
 975 03b3 00       		.byte	0
 976 03b4 08       		.byte	8
 977 03b5 00       		.byte	0
 978 03b6 00       		.byte	0
 979 03b7 00       		.byte	0
 980              		.section	.cywolatch,"a",%progbits
 981              		.align	2
 982              		.type	cy_meta_wonvl, %object
 983              		.size	cy_meta_wonvl, 4
 984              	cy_meta_wonvl:
 985 0000 BC       		.byte	-68
 986 0001 90       		.byte	-112
 987 0002 AC       		.byte	-84
 988 0003 AF       		.byte	-81
 989              		.section	.cycustnvl,"a",%progbits
 990              		.align	2
 991              		.type	cy_meta_custnvl, %object
 992              		.size	cy_meta_custnvl, 4
 993              	cy_meta_custnvl:
 994 0000 00       		.byte	0
 995 0001 00       		.byte	0
 996 0002 40       		.byte	64
 997 0003 05       		.byte	5
 998              		.section	.cymeta,"a",%progbits
 999              		.align	2
 1000              		.type	cy_metadata, %object
 1001              		.size	cy_metadata, 12
 1002              	cy_metadata:
 1003 0000 00       		.byte	0
 1004 0001 01       		.byte	1
 1005 0002 2E       		.byte	46
 1006 0003 12       		.byte	18
 1007 0004 30       		.byte	48
 1008 0005 69       		.byte	105
 1009 0006 00       		.byte	0
 1010 0007 01       		.byte	1
 1011 0008 00       		.byte	0
 1012 0009 00       		.byte	0
 1013 000a 00       		.byte	0
 1014 000b 00       		.byte	0
 1015              		.section	.cyflashprotect,"a",%progbits
 1016              		.align	2
 1017              		.type	cy_meta_flashprotect, %object
 1018              		.size	cy_meta_flashprotect, 256
 1019              	cy_meta_flashprotect:
 1020 0000 00000000 		.space	256
 1020      00000000 
 1020      00000000 
 1020      00000000 
 1020      00000000 
 1021              		.text
 1022              	.Letext0:
ARM GAS  C:\Users\kopusov.FT\AppData\Local\Temp\cczGUxKa.s 			page 19


 1023              		.file 1 "Generated_Source\\PSoC5\\cymetadata.c"
 1024              		.file 2 "Generated_Source\\PSoC5\\cytypes.h"
 1025              		.section	.debug_info,"",%progbits
 1026              	.Ldebug_info0:
 1027 0000 37010000 		.4byte	0x137
 1028 0004 0400     		.2byte	0x4
 1029 0006 00000000 		.4byte	.Ldebug_abbrev0
 1030 000a 04       		.byte	0x4
 1031 000b 01       		.uleb128 0x1
 1032 000c 6E000000 		.4byte	.LASF18
 1033 0010 01       		.byte	0x1
 1034 0011 D1010000 		.4byte	.LASF19
 1035 0015 84010000 		.4byte	.LASF20
 1036 0019 00000000 		.4byte	.Ldebug_line0
 1037 001d 02       		.uleb128 0x2
 1038 001e 01       		.byte	0x1
 1039 001f 06       		.byte	0x6
 1040 0020 78010000 		.4byte	.LASF0
 1041 0024 02       		.uleb128 0x2
 1042 0025 01       		.byte	0x1
 1043 0026 08       		.byte	0x8
 1044 0027 12000000 		.4byte	.LASF1
 1045 002b 02       		.uleb128 0x2
 1046 002c 02       		.byte	0x2
 1047 002d 05       		.byte	0x5
 1048 002e 5F010000 		.4byte	.LASF2
 1049 0032 02       		.uleb128 0x2
 1050 0033 02       		.byte	0x2
 1051 0034 07       		.byte	0x7
 1052 0035 32000000 		.4byte	.LASF3
 1053 0039 02       		.uleb128 0x2
 1054 003a 04       		.byte	0x4
 1055 003b 05       		.byte	0x5
 1056 003c 6F010000 		.4byte	.LASF4
 1057 0040 02       		.uleb128 0x2
 1058 0041 04       		.byte	0x4
 1059 0042 07       		.byte	0x7
 1060 0043 20000000 		.4byte	.LASF5
 1061 0047 02       		.uleb128 0x2
 1062 0048 08       		.byte	0x8
 1063 0049 05       		.byte	0x5
 1064 004a 4C010000 		.4byte	.LASF6
 1065 004e 02       		.uleb128 0x2
 1066 004f 08       		.byte	0x8
 1067 0050 07       		.byte	0x7
 1068 0051 09010000 		.4byte	.LASF7
 1069 0055 03       		.uleb128 0x3
 1070 0056 04       		.byte	0x4
 1071 0057 05       		.byte	0x5
 1072 0058 696E7400 		.ascii	"int\000"
 1073 005c 02       		.uleb128 0x2
 1074 005d 04       		.byte	0x4
 1075 005e 07       		.byte	0x7
 1076 005f FC000000 		.4byte	.LASF8
 1077 0063 04       		.uleb128 0x4
 1078 0064 69010000 		.4byte	.LASF21
 1079 0068 02       		.byte	0x2
ARM GAS  C:\Users\kopusov.FT\AppData\Local\Temp\cczGUxKa.s 			page 20


 1080 0069 9201     		.2byte	0x192
 1081 006b 24000000 		.4byte	0x24
 1082 006f 02       		.uleb128 0x2
 1083 0070 04       		.byte	0x4
 1084 0071 04       		.byte	0x4
 1085 0072 0C000000 		.4byte	.LASF9
 1086 0076 02       		.uleb128 0x2
 1087 0077 08       		.byte	0x8
 1088 0078 04       		.byte	0x4
 1089 0079 45000000 		.4byte	.LASF10
 1090 007d 02       		.uleb128 0x2
 1091 007e 01       		.byte	0x1
 1092 007f 08       		.byte	0x8
 1093 0080 5A010000 		.4byte	.LASF11
 1094 0084 05       		.uleb128 0x5
 1095 0085 63000000 		.4byte	0x63
 1096 0089 95000000 		.4byte	0x95
 1097 008d 06       		.uleb128 0x6
 1098 008e 95000000 		.4byte	0x95
 1099 0092 B703     		.2byte	0x3b7
 1100 0094 00       		.byte	0
 1101 0095 02       		.uleb128 0x2
 1102 0096 04       		.byte	0x4
 1103 0097 07       		.byte	0x7
 1104 0098 43010000 		.4byte	.LASF12
 1105 009c 07       		.uleb128 0x7
 1106 009d 5C000000 		.4byte	.LASF13
 1107 00a1 01       		.byte	0x1
 1108 00a2 1F       		.byte	0x1f
 1109 00a3 AD000000 		.4byte	0xad
 1110 00a7 05       		.uleb128 0x5
 1111 00a8 03       		.byte	0x3
 1112 00a9 00000000 		.4byte	cy_meta_configecc
 1113 00ad 08       		.uleb128 0x8
 1114 00ae 84000000 		.4byte	0x84
 1115 00b2 05       		.uleb128 0x5
 1116 00b3 63000000 		.4byte	0x63
 1117 00b7 C2000000 		.4byte	0xc2
 1118 00bb 09       		.uleb128 0x9
 1119 00bc 95000000 		.4byte	0x95
 1120 00c0 03       		.byte	0x3
 1121 00c1 00       		.byte	0
 1122 00c2 07       		.uleb128 0x7
 1123 00c3 4C000000 		.4byte	.LASF14
 1124 00c7 01       		.byte	0x1
 1125 00c8 A3       		.byte	0xa3
 1126 00c9 D3000000 		.4byte	0xd3
 1127 00cd 05       		.uleb128 0x5
 1128 00ce 03       		.byte	0x3
 1129 00cf 00000000 		.4byte	cy_meta_custnvl
 1130 00d3 08       		.uleb128 0x8
 1131 00d4 B2000000 		.4byte	0xb2
 1132 00d8 07       		.uleb128 0x7
 1133 00d9 35010000 		.4byte	.LASF15
 1134 00dd 01       		.byte	0x1
 1135 00de B1       		.byte	0xb1
 1136 00df E9000000 		.4byte	0xe9
ARM GAS  C:\Users\kopusov.FT\AppData\Local\Temp\cczGUxKa.s 			page 21


 1137 00e3 05       		.uleb128 0x5
 1138 00e4 03       		.byte	0x3
 1139 00e5 00000000 		.4byte	cy_meta_wonvl
 1140 00e9 08       		.uleb128 0x8
 1141 00ea B2000000 		.4byte	0xb2
 1142 00ee 05       		.uleb128 0x5
 1143 00ef 63000000 		.4byte	0x63
 1144 00f3 FE000000 		.4byte	0xfe
 1145 00f7 09       		.uleb128 0x9
 1146 00f8 95000000 		.4byte	0x95
 1147 00fc FF       		.byte	0xff
 1148 00fd 00       		.byte	0
 1149 00fe 07       		.uleb128 0x7
 1150 00ff 20010000 		.4byte	.LASF16
 1151 0103 01       		.byte	0x1
 1152 0104 BF       		.byte	0xbf
 1153 0105 0F010000 		.4byte	0x10f
 1154 0109 05       		.uleb128 0x5
 1155 010a 03       		.byte	0x3
 1156 010b 00000000 		.4byte	cy_meta_flashprotect
 1157 010f 08       		.uleb128 0x8
 1158 0110 EE000000 		.4byte	0xee
 1159 0114 05       		.uleb128 0x5
 1160 0115 63000000 		.4byte	0x63
 1161 0119 24010000 		.4byte	0x124
 1162 011d 09       		.uleb128 0x9
 1163 011e 95000000 		.4byte	0x95
 1164 0122 0B       		.byte	0xb
 1165 0123 00       		.byte	0
 1166 0124 07       		.uleb128 0x7
 1167 0125 00000000 		.4byte	.LASF17
 1168 0129 01       		.byte	0x1
 1169 012a EC       		.byte	0xec
 1170 012b 35010000 		.4byte	0x135
 1171 012f 05       		.uleb128 0x5
 1172 0130 03       		.byte	0x3
 1173 0131 00000000 		.4byte	cy_metadata
 1174 0135 08       		.uleb128 0x8
 1175 0136 14010000 		.4byte	0x114
 1176 013a 00       		.byte	0
 1177              		.section	.debug_abbrev,"",%progbits
 1178              	.Ldebug_abbrev0:
 1179 0000 01       		.uleb128 0x1
 1180 0001 11       		.uleb128 0x11
 1181 0002 01       		.byte	0x1
 1182 0003 25       		.uleb128 0x25
 1183 0004 0E       		.uleb128 0xe
 1184 0005 13       		.uleb128 0x13
 1185 0006 0B       		.uleb128 0xb
 1186 0007 03       		.uleb128 0x3
 1187 0008 0E       		.uleb128 0xe
 1188 0009 1B       		.uleb128 0x1b
 1189 000a 0E       		.uleb128 0xe
 1190 000b 10       		.uleb128 0x10
 1191 000c 17       		.uleb128 0x17
 1192 000d 00       		.byte	0
 1193 000e 00       		.byte	0
ARM GAS  C:\Users\kopusov.FT\AppData\Local\Temp\cczGUxKa.s 			page 22


 1194 000f 02       		.uleb128 0x2
 1195 0010 24       		.uleb128 0x24
 1196 0011 00       		.byte	0
 1197 0012 0B       		.uleb128 0xb
 1198 0013 0B       		.uleb128 0xb
 1199 0014 3E       		.uleb128 0x3e
 1200 0015 0B       		.uleb128 0xb
 1201 0016 03       		.uleb128 0x3
 1202 0017 0E       		.uleb128 0xe
 1203 0018 00       		.byte	0
 1204 0019 00       		.byte	0
 1205 001a 03       		.uleb128 0x3
 1206 001b 24       		.uleb128 0x24
 1207 001c 00       		.byte	0
 1208 001d 0B       		.uleb128 0xb
 1209 001e 0B       		.uleb128 0xb
 1210 001f 3E       		.uleb128 0x3e
 1211 0020 0B       		.uleb128 0xb
 1212 0021 03       		.uleb128 0x3
 1213 0022 08       		.uleb128 0x8
 1214 0023 00       		.byte	0
 1215 0024 00       		.byte	0
 1216 0025 04       		.uleb128 0x4
 1217 0026 16       		.uleb128 0x16
 1218 0027 00       		.byte	0
 1219 0028 03       		.uleb128 0x3
 1220 0029 0E       		.uleb128 0xe
 1221 002a 3A       		.uleb128 0x3a
 1222 002b 0B       		.uleb128 0xb
 1223 002c 3B       		.uleb128 0x3b
 1224 002d 05       		.uleb128 0x5
 1225 002e 49       		.uleb128 0x49
 1226 002f 13       		.uleb128 0x13
 1227 0030 00       		.byte	0
 1228 0031 00       		.byte	0
 1229 0032 05       		.uleb128 0x5
 1230 0033 01       		.uleb128 0x1
 1231 0034 01       		.byte	0x1
 1232 0035 49       		.uleb128 0x49
 1233 0036 13       		.uleb128 0x13
 1234 0037 01       		.uleb128 0x1
 1235 0038 13       		.uleb128 0x13
 1236 0039 00       		.byte	0
 1237 003a 00       		.byte	0
 1238 003b 06       		.uleb128 0x6
 1239 003c 21       		.uleb128 0x21
 1240 003d 00       		.byte	0
 1241 003e 49       		.uleb128 0x49
 1242 003f 13       		.uleb128 0x13
 1243 0040 2F       		.uleb128 0x2f
 1244 0041 05       		.uleb128 0x5
 1245 0042 00       		.byte	0
 1246 0043 00       		.byte	0
 1247 0044 07       		.uleb128 0x7
 1248 0045 34       		.uleb128 0x34
 1249 0046 00       		.byte	0
 1250 0047 03       		.uleb128 0x3
ARM GAS  C:\Users\kopusov.FT\AppData\Local\Temp\cczGUxKa.s 			page 23


 1251 0048 0E       		.uleb128 0xe
 1252 0049 3A       		.uleb128 0x3a
 1253 004a 0B       		.uleb128 0xb
 1254 004b 3B       		.uleb128 0x3b
 1255 004c 0B       		.uleb128 0xb
 1256 004d 49       		.uleb128 0x49
 1257 004e 13       		.uleb128 0x13
 1258 004f 3F       		.uleb128 0x3f
 1259 0050 19       		.uleb128 0x19
 1260 0051 02       		.uleb128 0x2
 1261 0052 18       		.uleb128 0x18
 1262 0053 00       		.byte	0
 1263 0054 00       		.byte	0
 1264 0055 08       		.uleb128 0x8
 1265 0056 26       		.uleb128 0x26
 1266 0057 00       		.byte	0
 1267 0058 49       		.uleb128 0x49
 1268 0059 13       		.uleb128 0x13
 1269 005a 00       		.byte	0
 1270 005b 00       		.byte	0
 1271 005c 09       		.uleb128 0x9
 1272 005d 21       		.uleb128 0x21
 1273 005e 00       		.byte	0
 1274 005f 49       		.uleb128 0x49
 1275 0060 13       		.uleb128 0x13
 1276 0061 2F       		.uleb128 0x2f
 1277 0062 0B       		.uleb128 0xb
 1278 0063 00       		.byte	0
 1279 0064 00       		.byte	0
 1280 0065 00       		.byte	0
 1281              		.section	.debug_aranges,"",%progbits
 1282 0000 14000000 		.4byte	0x14
 1283 0004 0200     		.2byte	0x2
 1284 0006 00000000 		.4byte	.Ldebug_info0
 1285 000a 04       		.byte	0x4
 1286 000b 00       		.byte	0
 1287 000c 0000     		.2byte	0
 1288 000e 0000     		.2byte	0
 1289 0010 00000000 		.4byte	0
 1290 0014 00000000 		.4byte	0
 1291              		.section	.debug_line,"",%progbits
 1292              	.Ldebug_line0:
 1293 0000 4D000000 		.section	.debug_str,"MS",%progbits,1
 1293      02004700 
 1293      00000201 
 1293      FB0E0D00 
 1293      01010101 
 1294              	.LASF17:
 1295 0000 63795F6D 		.ascii	"cy_metadata\000"
 1295      65746164 
 1295      61746100 
 1296              	.LASF9:
 1297 000c 666C6F61 		.ascii	"float\000"
 1297      7400
 1298              	.LASF1:
 1299 0012 756E7369 		.ascii	"unsigned char\000"
 1299      676E6564 
ARM GAS  C:\Users\kopusov.FT\AppData\Local\Temp\cczGUxKa.s 			page 24


 1299      20636861 
 1299      7200
 1300              	.LASF5:
 1301 0020 6C6F6E67 		.ascii	"long unsigned int\000"
 1301      20756E73 
 1301      69676E65 
 1301      6420696E 
 1301      7400
 1302              	.LASF3:
 1303 0032 73686F72 		.ascii	"short unsigned int\000"
 1303      7420756E 
 1303      7369676E 
 1303      65642069 
 1303      6E7400
 1304              	.LASF10:
 1305 0045 646F7562 		.ascii	"double\000"
 1305      6C6500
 1306              	.LASF14:
 1307 004c 63795F6D 		.ascii	"cy_meta_custnvl\000"
 1307      6574615F 
 1307      63757374 
 1307      6E766C00 
 1308              	.LASF13:
 1309 005c 63795F6D 		.ascii	"cy_meta_configecc\000"
 1309      6574615F 
 1309      636F6E66 
 1309      69676563 
 1309      6300
 1310              	.LASF18:
 1311 006e 474E5520 		.ascii	"GNU C 4.9.3 20150303 (release) [ARM/embedded-4_9-br"
 1311      4320342E 
 1311      392E3320 
 1311      32303135 
 1311      30333033 
 1312 00a1 616E6368 		.ascii	"anch revision 221220] -mcpu=cortex-m3 -mthumb -g -O"
 1312      20726576 
 1312      6973696F 
 1312      6E203232 
 1312      31323230 
 1313 00d4 67202D66 		.ascii	"g -ffunction-sections -ffat-lto-objects\000"
 1313      66756E63 
 1313      74696F6E 
 1313      2D736563 
 1313      74696F6E 
 1314              	.LASF8:
 1315 00fc 756E7369 		.ascii	"unsigned int\000"
 1315      676E6564 
 1315      20696E74 
 1315      00
 1316              	.LASF7:
 1317 0109 6C6F6E67 		.ascii	"long long unsigned int\000"
 1317      206C6F6E 
 1317      6720756E 
 1317      7369676E 
 1317      65642069 
 1318              	.LASF16:
 1319 0120 63795F6D 		.ascii	"cy_meta_flashprotect\000"
ARM GAS  C:\Users\kopusov.FT\AppData\Local\Temp\cczGUxKa.s 			page 25


 1319      6574615F 
 1319      666C6173 
 1319      6870726F 
 1319      74656374 
 1320              	.LASF15:
 1321 0135 63795F6D 		.ascii	"cy_meta_wonvl\000"
 1321      6574615F 
 1321      776F6E76 
 1321      6C00
 1322              	.LASF12:
 1323 0143 73697A65 		.ascii	"sizetype\000"
 1323      74797065 
 1323      00
 1324              	.LASF6:
 1325 014c 6C6F6E67 		.ascii	"long long int\000"
 1325      206C6F6E 
 1325      6720696E 
 1325      7400
 1326              	.LASF11:
 1327 015a 63686172 		.ascii	"char\000"
 1327      00
 1328              	.LASF2:
 1329 015f 73686F72 		.ascii	"short int\000"
 1329      7420696E 
 1329      7400
 1330              	.LASF21:
 1331 0169 75696E74 		.ascii	"uint8\000"
 1331      3800
 1332              	.LASF4:
 1333 016f 6C6F6E67 		.ascii	"long int\000"
 1333      20696E74 
 1333      00
 1334              	.LASF0:
 1335 0178 7369676E 		.ascii	"signed char\000"
 1335      65642063 
 1335      68617200 
 1336              	.LASF20:
 1337 0184 443A5C70 		.ascii	"D:\\pgm\\Cypress_dem_board\\CFP_reader\\cfp_reader\\"
 1337      676D5C43 
 1337      79707265 
 1337      73735F64 
 1337      656D5F62 
 1338 01b3 575F6366 		.ascii	"W_cfp_reader\\cfp_reader.cydsn\000"
 1338      705F7265 
 1338      61646572 
 1338      5C636670 
 1338      5F726561 
 1339              	.LASF19:
 1340 01d1 47656E65 		.ascii	"Generated_Source\\PSoC5\\cymetadata.c\000"
 1340      72617465 
 1340      645F536F 
 1340      75726365 
 1340      5C50536F 
 1341              		.ident	"GCC: (GNU Tools for ARM Embedded Processors) 4.9.3 20150303 (release) [ARM/embedded-4_9-br
