ARM GAS  C:\Users\kopusov.FT\AppData\Local\Temp\ccxLF172.s 			page 1


   1              		.syntax unified
   2              		.cpu cortex-m3
   3              		.fpu softvfp
   4              		.eabi_attribute 20, 1
   5              		.eabi_attribute 21, 1
   6              		.eabi_attribute 23, 3
   7              		.eabi_attribute 24, 1
   8              		.eabi_attribute 25, 1
   9              		.eabi_attribute 26, 1
  10              		.eabi_attribute 30, 1
  11              		.eabi_attribute 34, 1
  12              		.eabi_attribute 18, 4
  13              		.thumb
  14              		.file	"MDIO_Interface_PM.c"
  15              		.text
  16              	.Ltext0:
  17              		.cfi_sections	.debug_frame
  18              		.section	.text.MDIO_Interface_SaveConfig,"ax",%progbits
  19              		.align	2
  20              		.global	MDIO_Interface_SaveConfig
  21              		.thumb
  22              		.thumb_func
  23              		.type	MDIO_Interface_SaveConfig, %function
  24              	MDIO_Interface_SaveConfig:
  25              	.LFB0:
  26              		.file 1 "Generated_Source\\PSoC5\\MDIO_Interface_PM.c"
   1:Generated_Source\PSoC5/MDIO_Interface_PM.c **** /*******************************************************************************
   2:Generated_Source\PSoC5/MDIO_Interface_PM.c **** * File Name: MDIO_Interface_PM.c
   3:Generated_Source\PSoC5/MDIO_Interface_PM.c **** * Version 1.20
   4:Generated_Source\PSoC5/MDIO_Interface_PM.c **** *
   5:Generated_Source\PSoC5/MDIO_Interface_PM.c **** * Description:
   6:Generated_Source\PSoC5/MDIO_Interface_PM.c **** *  This file contains the setup, control and status commands to support
   7:Generated_Source\PSoC5/MDIO_Interface_PM.c **** *  component operations in low power mode.
   8:Generated_Source\PSoC5/MDIO_Interface_PM.c **** *
   9:Generated_Source\PSoC5/MDIO_Interface_PM.c **** * Note:
  10:Generated_Source\PSoC5/MDIO_Interface_PM.c **** *
  11:Generated_Source\PSoC5/MDIO_Interface_PM.c **** ********************************************************************************
  12:Generated_Source\PSoC5/MDIO_Interface_PM.c **** * Copyright 2013-2014, Cypress Semiconductor Corporation.  All rights reserved.
  13:Generated_Source\PSoC5/MDIO_Interface_PM.c **** * You may use this file only in accordance with the license, terms, conditions,
  14:Generated_Source\PSoC5/MDIO_Interface_PM.c **** * disclaimers, and limitations in the end user license agreement accompanying
  15:Generated_Source\PSoC5/MDIO_Interface_PM.c **** * the software package with which this file was provided.
  16:Generated_Source\PSoC5/MDIO_Interface_PM.c **** *******************************************************************************/
  17:Generated_Source\PSoC5/MDIO_Interface_PM.c **** 
  18:Generated_Source\PSoC5/MDIO_Interface_PM.c **** #include "MDIO_Interface.h"
  19:Generated_Source\PSoC5/MDIO_Interface_PM.c **** 
  20:Generated_Source\PSoC5/MDIO_Interface_PM.c **** #if(MDIO_Interface_ADVANCED_MODE)
  21:Generated_Source\PSoC5/MDIO_Interface_PM.c ****     #include "MDIO_Interface_REG.h"
  22:Generated_Source\PSoC5/MDIO_Interface_PM.c **** #endif /* MDIO_Interface_ADVANCED_MODE */
  23:Generated_Source\PSoC5/MDIO_Interface_PM.c **** 
  24:Generated_Source\PSoC5/MDIO_Interface_PM.c **** static MDIO_Interface_BACKUP_STRUCT MDIO_Interface_backup =
  25:Generated_Source\PSoC5/MDIO_Interface_PM.c **** {
  26:Generated_Source\PSoC5/MDIO_Interface_PM.c ****     /* By default the component and interrupts are disabled */
  27:Generated_Source\PSoC5/MDIO_Interface_PM.c ****     MDIO_Interface_DISABLED,
  28:Generated_Source\PSoC5/MDIO_Interface_PM.c ****     MDIO_Interface_DISABLED
  29:Generated_Source\PSoC5/MDIO_Interface_PM.c **** };
  30:Generated_Source\PSoC5/MDIO_Interface_PM.c **** 
  31:Generated_Source\PSoC5/MDIO_Interface_PM.c **** 
ARM GAS  C:\Users\kopusov.FT\AppData\Local\Temp\ccxLF172.s 			page 2


  32:Generated_Source\PSoC5/MDIO_Interface_PM.c **** /*******************************************************************************
  33:Generated_Source\PSoC5/MDIO_Interface_PM.c **** * Function Name: MDIO_Interface_SaveConfig
  34:Generated_Source\PSoC5/MDIO_Interface_PM.c **** ********************************************************************************
  35:Generated_Source\PSoC5/MDIO_Interface_PM.c **** *
  36:Generated_Source\PSoC5/MDIO_Interface_PM.c **** * Summary:
  37:Generated_Source\PSoC5/MDIO_Interface_PM.c **** *  Saves MDIO_Interface configuration.
  38:Generated_Source\PSoC5/MDIO_Interface_PM.c **** *
  39:Generated_Source\PSoC5/MDIO_Interface_PM.c **** * Parameters:
  40:Generated_Source\PSoC5/MDIO_Interface_PM.c **** *  None.
  41:Generated_Source\PSoC5/MDIO_Interface_PM.c **** *
  42:Generated_Source\PSoC5/MDIO_Interface_PM.c **** * Return:
  43:Generated_Source\PSoC5/MDIO_Interface_PM.c **** *  None.
  44:Generated_Source\PSoC5/MDIO_Interface_PM.c **** *
  45:Generated_Source\PSoC5/MDIO_Interface_PM.c **** * Global Variables:
  46:Generated_Source\PSoC5/MDIO_Interface_PM.c **** *  MDIO_Interface_backup - modified when non-retention registers are saved.
  47:Generated_Source\PSoC5/MDIO_Interface_PM.c **** *
  48:Generated_Source\PSoC5/MDIO_Interface_PM.c **** * Reentrant:
  49:Generated_Source\PSoC5/MDIO_Interface_PM.c **** *  No.
  50:Generated_Source\PSoC5/MDIO_Interface_PM.c **** *
  51:Generated_Source\PSoC5/MDIO_Interface_PM.c **** *******************************************************************************/
  52:Generated_Source\PSoC5/MDIO_Interface_PM.c **** void MDIO_Interface_SaveConfig(void) 
  53:Generated_Source\PSoC5/MDIO_Interface_PM.c **** {
  27              		.loc 1 53 0
  28              		.cfi_startproc
  29              		@ args = 0, pretend = 0, frame = 0
  30              		@ frame_needed = 0, uses_anonymous_args = 0
  31              		@ link register save eliminated.
  54:Generated_Source\PSoC5/MDIO_Interface_PM.c ****     MDIO_Interface_backup.interruptState = MDIO_Interface_CONTROL_REG & MDIO_Interface_INT_EN;
  32              		.loc 1 54 0
  33 0000 034B     		ldr	r3, .L2
  34 0002 1B78     		ldrb	r3, [r3]	@ zero_extendqisi2
  35 0004 03F00203 		and	r3, r3, #2
  36 0008 024A     		ldr	r2, .L2+4
  37 000a 5370     		strb	r3, [r2, #1]
  38 000c 7047     		bx	lr
  39              	.L3:
  40 000e 00BF     		.align	2
  41              	.L2:
  42 0010 75650040 		.word	1073767797
  43 0014 00000000 		.word	.LANCHOR0
  44              		.cfi_endproc
  45              	.LFE0:
  46              		.size	MDIO_Interface_SaveConfig, .-MDIO_Interface_SaveConfig
  47              		.section	.text.MDIO_Interface_RestoreConfig,"ax",%progbits
  48              		.align	2
  49              		.global	MDIO_Interface_RestoreConfig
  50              		.thumb
  51              		.thumb_func
  52              		.type	MDIO_Interface_RestoreConfig, %function
  53              	MDIO_Interface_RestoreConfig:
  54              	.LFB1:
  55:Generated_Source\PSoC5/MDIO_Interface_PM.c **** }
  56:Generated_Source\PSoC5/MDIO_Interface_PM.c **** 
  57:Generated_Source\PSoC5/MDIO_Interface_PM.c **** 
  58:Generated_Source\PSoC5/MDIO_Interface_PM.c **** /*******************************************************************************
  59:Generated_Source\PSoC5/MDIO_Interface_PM.c **** * Function Name: MDIO_Interface_RestoreConfig
  60:Generated_Source\PSoC5/MDIO_Interface_PM.c **** ********************************************************************************
ARM GAS  C:\Users\kopusov.FT\AppData\Local\Temp\ccxLF172.s 			page 3


  61:Generated_Source\PSoC5/MDIO_Interface_PM.c **** *
  62:Generated_Source\PSoC5/MDIO_Interface_PM.c **** * Summary:
  63:Generated_Source\PSoC5/MDIO_Interface_PM.c **** *  Restores MDIO_Interface configuration.
  64:Generated_Source\PSoC5/MDIO_Interface_PM.c **** *
  65:Generated_Source\PSoC5/MDIO_Interface_PM.c **** * Parameters:
  66:Generated_Source\PSoC5/MDIO_Interface_PM.c **** *  None.
  67:Generated_Source\PSoC5/MDIO_Interface_PM.c **** *
  68:Generated_Source\PSoC5/MDIO_Interface_PM.c **** * Return:
  69:Generated_Source\PSoC5/MDIO_Interface_PM.c **** *  None.
  70:Generated_Source\PSoC5/MDIO_Interface_PM.c **** *
  71:Generated_Source\PSoC5/MDIO_Interface_PM.c **** * Global Variables:
  72:Generated_Source\PSoC5/MDIO_Interface_PM.c **** *  MDIO_Interface_backup - used when non-retention registers are restored.
  73:Generated_Source\PSoC5/MDIO_Interface_PM.c **** *
  74:Generated_Source\PSoC5/MDIO_Interface_PM.c **** * Reentrant:
  75:Generated_Source\PSoC5/MDIO_Interface_PM.c **** *  No.
  76:Generated_Source\PSoC5/MDIO_Interface_PM.c **** *
  77:Generated_Source\PSoC5/MDIO_Interface_PM.c **** *******************************************************************************/
  78:Generated_Source\PSoC5/MDIO_Interface_PM.c **** void MDIO_Interface_RestoreConfig(void) 
  79:Generated_Source\PSoC5/MDIO_Interface_PM.c **** {
  55              		.loc 1 79 0
  56              		.cfi_startproc
  57              		@ args = 0, pretend = 0, frame = 0
  58              		@ frame_needed = 0, uses_anonymous_args = 0
  59              		@ link register save eliminated.
  80:Generated_Source\PSoC5/MDIO_Interface_PM.c ****     #if(MDIO_Interface_ADVANCED_MODE)
  81:Generated_Source\PSoC5/MDIO_Interface_PM.c ****         /* Set memory type of each register page */
  82:Generated_Source\PSoC5/MDIO_Interface_PM.c ****         MDIO_Interface_MEM_TYPE_REG   = MDIO_Interface_PAGE_MEM_TYPE;
  60              		.loc 1 82 0
  61 0000 3F22     		movs	r2, #63
  62 0002 054B     		ldr	r3, .L5
  63 0004 1A70     		strb	r2, [r3]
  83:Generated_Source\PSoC5/MDIO_Interface_PM.c ****         /* Set data width of each register page */
  84:Generated_Source\PSoC5/MDIO_Interface_PM.c ****         MDIO_Interface_PAGE_WIDTH_REG = MDIO_Interface_PAGE_DATA_WIDTH;
  64              		.loc 1 84 0
  65 0006 3822     		movs	r2, #56
  66 0008 03F58273 		add	r3, r3, #260
  67 000c 1A70     		strb	r2, [r3]
  85:Generated_Source\PSoC5/MDIO_Interface_PM.c ****     #endif /* MDIO_Interface_ADVANCED_MODE */
  86:Generated_Source\PSoC5/MDIO_Interface_PM.c **** 
  87:Generated_Source\PSoC5/MDIO_Interface_PM.c ****     /* Restore interrupt state */
  88:Generated_Source\PSoC5/MDIO_Interface_PM.c ****     MDIO_Interface_CONTROL_REG = MDIO_Interface_backup.interruptState;
  68              		.loc 1 88 0
  69 000e 034B     		ldr	r3, .L5+4
  70 0010 5A78     		ldrb	r2, [r3, #1]	@ zero_extendqisi2
  71 0012 034B     		ldr	r3, .L5+8
  72 0014 1A70     		strb	r2, [r3]
  73 0016 7047     		bx	lr
  74              	.L6:
  75              		.align	2
  76              	.L5:
  77 0018 70640040 		.word	1073767536
  78 001c 00000000 		.word	.LANCHOR0
  79 0020 75650040 		.word	1073767797
  80              		.cfi_endproc
  81              	.LFE1:
  82              		.size	MDIO_Interface_RestoreConfig, .-MDIO_Interface_RestoreConfig
  83              		.section	.text.MDIO_Interface_Sleep,"ax",%progbits
ARM GAS  C:\Users\kopusov.FT\AppData\Local\Temp\ccxLF172.s 			page 4


  84              		.align	2
  85              		.global	MDIO_Interface_Sleep
  86              		.thumb
  87              		.thumb_func
  88              		.type	MDIO_Interface_Sleep, %function
  89              	MDIO_Interface_Sleep:
  90              	.LFB2:
  89:Generated_Source\PSoC5/MDIO_Interface_PM.c **** }
  90:Generated_Source\PSoC5/MDIO_Interface_PM.c **** 
  91:Generated_Source\PSoC5/MDIO_Interface_PM.c **** 
  92:Generated_Source\PSoC5/MDIO_Interface_PM.c **** /*******************************************************************************
  93:Generated_Source\PSoC5/MDIO_Interface_PM.c **** * Function Name: MDIO_Interface_Sleep
  94:Generated_Source\PSoC5/MDIO_Interface_PM.c **** ********************************************************************************
  95:Generated_Source\PSoC5/MDIO_Interface_PM.c **** *
  96:Generated_Source\PSoC5/MDIO_Interface_PM.c **** * Summary:
  97:Generated_Source\PSoC5/MDIO_Interface_PM.c **** *  Disables block's operation and saves its configuration. Should be called
  98:Generated_Source\PSoC5/MDIO_Interface_PM.c **** *  prior to entering low power mode.
  99:Generated_Source\PSoC5/MDIO_Interface_PM.c **** *
 100:Generated_Source\PSoC5/MDIO_Interface_PM.c **** * Parameters:
 101:Generated_Source\PSoC5/MDIO_Interface_PM.c **** *  None.
 102:Generated_Source\PSoC5/MDIO_Interface_PM.c **** *
 103:Generated_Source\PSoC5/MDIO_Interface_PM.c **** * Return:
 104:Generated_Source\PSoC5/MDIO_Interface_PM.c **** *  None.
 105:Generated_Source\PSoC5/MDIO_Interface_PM.c **** *
 106:Generated_Source\PSoC5/MDIO_Interface_PM.c **** * Global Variables:
 107:Generated_Source\PSoC5/MDIO_Interface_PM.c **** *  MDIO_Interface_backup - modified when non-retention registers are saved.
 108:Generated_Source\PSoC5/MDIO_Interface_PM.c **** *
 109:Generated_Source\PSoC5/MDIO_Interface_PM.c **** * Reentrant:
 110:Generated_Source\PSoC5/MDIO_Interface_PM.c **** *  No.
 111:Generated_Source\PSoC5/MDIO_Interface_PM.c **** *
 112:Generated_Source\PSoC5/MDIO_Interface_PM.c **** *******************************************************************************/
 113:Generated_Source\PSoC5/MDIO_Interface_PM.c **** void MDIO_Interface_Sleep(void) 
 114:Generated_Source\PSoC5/MDIO_Interface_PM.c **** {
  91              		.loc 1 114 0
  92              		.cfi_startproc
  93              		@ args = 0, pretend = 0, frame = 0
  94              		@ frame_needed = 0, uses_anonymous_args = 0
  95 0000 08B5     		push	{r3, lr}
  96              		.cfi_def_cfa_offset 8
  97              		.cfi_offset 3, -8
  98              		.cfi_offset 14, -4
 115:Generated_Source\PSoC5/MDIO_Interface_PM.c ****     if(MDIO_Interface_DISABLED != (MDIO_Interface_CONTROL_REG & MDIO_Interface_EN))
  99              		.loc 1 115 0
 100 0002 084B     		ldr	r3, .L11
 101 0004 1B78     		ldrb	r3, [r3]	@ zero_extendqisi2
 102 0006 13F0010F 		tst	r3, #1
 103 000a 03D0     		beq	.L8
 116:Generated_Source\PSoC5/MDIO_Interface_PM.c ****     {
 117:Generated_Source\PSoC5/MDIO_Interface_PM.c ****         MDIO_Interface_backup.enableState = MDIO_Interface_ENABLED;
 104              		.loc 1 117 0
 105 000c 0122     		movs	r2, #1
 106 000e 064B     		ldr	r3, .L11+4
 107 0010 1A70     		strb	r2, [r3]
 108 0012 02E0     		b	.L9
 109              	.L8:
 118:Generated_Source\PSoC5/MDIO_Interface_PM.c ****     }
 119:Generated_Source\PSoC5/MDIO_Interface_PM.c ****     else /* Component is disabled */
ARM GAS  C:\Users\kopusov.FT\AppData\Local\Temp\ccxLF172.s 			page 5


 120:Generated_Source\PSoC5/MDIO_Interface_PM.c ****     {
 121:Generated_Source\PSoC5/MDIO_Interface_PM.c ****         MDIO_Interface_backup.enableState = MDIO_Interface_DISABLED;
 110              		.loc 1 121 0
 111 0014 0022     		movs	r2, #0
 112 0016 044B     		ldr	r3, .L11+4
 113 0018 1A70     		strb	r2, [r3]
 114              	.L9:
 122:Generated_Source\PSoC5/MDIO_Interface_PM.c ****     }
 123:Generated_Source\PSoC5/MDIO_Interface_PM.c **** 
 124:Generated_Source\PSoC5/MDIO_Interface_PM.c ****     /* Save registers configuration */
 125:Generated_Source\PSoC5/MDIO_Interface_PM.c ****     MDIO_Interface_SaveConfig();
 115              		.loc 1 125 0
 116 001a FFF7FEFF 		bl	MDIO_Interface_SaveConfig
 117              	.LVL0:
 126:Generated_Source\PSoC5/MDIO_Interface_PM.c **** 
 127:Generated_Source\PSoC5/MDIO_Interface_PM.c ****     /* Stop component */
 128:Generated_Source\PSoC5/MDIO_Interface_PM.c ****     MDIO_Interface_Stop();
 118              		.loc 1 128 0
 119 001e FFF7FEFF 		bl	MDIO_Interface_Stop
 120              	.LVL1:
 121 0022 08BD     		pop	{r3, pc}
 122              	.L12:
 123              		.align	2
 124              	.L11:
 125 0024 75650040 		.word	1073767797
 126 0028 00000000 		.word	.LANCHOR0
 127              		.cfi_endproc
 128              	.LFE2:
 129              		.size	MDIO_Interface_Sleep, .-MDIO_Interface_Sleep
 130              		.section	.text.MDIO_Interface_Wakeup,"ax",%progbits
 131              		.align	2
 132              		.global	MDIO_Interface_Wakeup
 133              		.thumb
 134              		.thumb_func
 135              		.type	MDIO_Interface_Wakeup, %function
 136              	MDIO_Interface_Wakeup:
 137              	.LFB3:
 129:Generated_Source\PSoC5/MDIO_Interface_PM.c **** }
 130:Generated_Source\PSoC5/MDIO_Interface_PM.c **** 
 131:Generated_Source\PSoC5/MDIO_Interface_PM.c **** 
 132:Generated_Source\PSoC5/MDIO_Interface_PM.c **** /*******************************************************************************
 133:Generated_Source\PSoC5/MDIO_Interface_PM.c **** * Function Name: MDIO_Interface_Wakeup
 134:Generated_Source\PSoC5/MDIO_Interface_PM.c **** ********************************************************************************
 135:Generated_Source\PSoC5/MDIO_Interface_PM.c **** *
 136:Generated_Source\PSoC5/MDIO_Interface_PM.c **** * Summary:
 137:Generated_Source\PSoC5/MDIO_Interface_PM.c **** *  Enables block's operation and restores its configuration. Should be called
 138:Generated_Source\PSoC5/MDIO_Interface_PM.c **** *  after awaking from low power mode.
 139:Generated_Source\PSoC5/MDIO_Interface_PM.c **** *
 140:Generated_Source\PSoC5/MDIO_Interface_PM.c **** * Parameters:
 141:Generated_Source\PSoC5/MDIO_Interface_PM.c **** *  None.
 142:Generated_Source\PSoC5/MDIO_Interface_PM.c **** *
 143:Generated_Source\PSoC5/MDIO_Interface_PM.c **** * Return:
 144:Generated_Source\PSoC5/MDIO_Interface_PM.c **** *  None.
 145:Generated_Source\PSoC5/MDIO_Interface_PM.c **** *
 146:Generated_Source\PSoC5/MDIO_Interface_PM.c **** * Global Variables:
 147:Generated_Source\PSoC5/MDIO_Interface_PM.c **** *  MDIO_Interface_backup - used when non-retention registers are restored.
 148:Generated_Source\PSoC5/MDIO_Interface_PM.c **** *
ARM GAS  C:\Users\kopusov.FT\AppData\Local\Temp\ccxLF172.s 			page 6


 149:Generated_Source\PSoC5/MDIO_Interface_PM.c **** * Reentrant:
 150:Generated_Source\PSoC5/MDIO_Interface_PM.c **** *  No.
 151:Generated_Source\PSoC5/MDIO_Interface_PM.c **** *
 152:Generated_Source\PSoC5/MDIO_Interface_PM.c **** *******************************************************************************/
 153:Generated_Source\PSoC5/MDIO_Interface_PM.c **** void MDIO_Interface_Wakeup(void)  
 154:Generated_Source\PSoC5/MDIO_Interface_PM.c **** {
 138              		.loc 1 154 0
 139              		.cfi_startproc
 140              		@ args = 0, pretend = 0, frame = 0
 141              		@ frame_needed = 0, uses_anonymous_args = 0
 142 0000 08B5     		push	{r3, lr}
 143              		.cfi_def_cfa_offset 8
 144              		.cfi_offset 3, -8
 145              		.cfi_offset 14, -4
 155:Generated_Source\PSoC5/MDIO_Interface_PM.c ****     /* Restore registers values */
 156:Generated_Source\PSoC5/MDIO_Interface_PM.c ****     MDIO_Interface_RestoreConfig();
 146              		.loc 1 156 0
 147 0002 FFF7FEFF 		bl	MDIO_Interface_RestoreConfig
 148              	.LVL2:
 157:Generated_Source\PSoC5/MDIO_Interface_PM.c **** 
 158:Generated_Source\PSoC5/MDIO_Interface_PM.c ****     if(MDIO_Interface_DISABLED != MDIO_Interface_backup.enableState)
 149              		.loc 1 158 0
 150 0006 034B     		ldr	r3, .L16
 151 0008 1B78     		ldrb	r3, [r3]	@ zero_extendqisi2
 152 000a 0BB1     		cbz	r3, .L13
 159:Generated_Source\PSoC5/MDIO_Interface_PM.c ****     {
 160:Generated_Source\PSoC5/MDIO_Interface_PM.c ****         /* Enable component's operation */
 161:Generated_Source\PSoC5/MDIO_Interface_PM.c ****         MDIO_Interface_Enable();
 153              		.loc 1 161 0
 154 000c FFF7FEFF 		bl	MDIO_Interface_Enable
 155              	.LVL3:
 156              	.L13:
 157 0010 08BD     		pop	{r3, pc}
 158              	.L17:
 159 0012 00BF     		.align	2
 160              	.L16:
 161 0014 00000000 		.word	.LANCHOR0
 162              		.cfi_endproc
 163              	.LFE3:
 164              		.size	MDIO_Interface_Wakeup, .-MDIO_Interface_Wakeup
 165              		.bss
 166              		.align	2
 167              		.set	.LANCHOR0,. + 0
 168              		.type	MDIO_Interface_backup, %object
 169              		.size	MDIO_Interface_backup, 2
 170              	MDIO_Interface_backup:
 171 0000 0000     		.space	2
 172 0002 0000     		.text
 173              	.Letext0:
 174              		.file 2 "Generated_Source\\PSoC5\\cytypes.h"
 175              		.file 3 "Generated_Source\\PSoC5\\MDIO_Interface.h"
 176              		.section	.debug_info,"",%progbits
 177              	.Ldebug_info0:
 178 0000 5E010000 		.4byte	0x15e
 179 0004 0400     		.2byte	0x4
 180 0006 00000000 		.4byte	.Ldebug_abbrev0
 181 000a 04       		.byte	0x4
ARM GAS  C:\Users\kopusov.FT\AppData\Local\Temp\ccxLF172.s 			page 7


 182 000b 01       		.uleb128 0x1
 183 000c E2000000 		.4byte	.LASF24
 184 0010 01       		.byte	0x1
 185 0011 0E000000 		.4byte	.LASF25
 186 0015 25020000 		.4byte	.LASF26
 187 0019 00000000 		.4byte	.Ldebug_ranges0+0
 188 001d 00000000 		.4byte	0
 189 0021 00000000 		.4byte	.Ldebug_line0
 190 0025 02       		.uleb128 0x2
 191 0026 01       		.byte	0x1
 192 0027 06       		.byte	0x6
 193 0028 E7010000 		.4byte	.LASF0
 194 002c 02       		.uleb128 0x2
 195 002d 01       		.byte	0x1
 196 002e 08       		.byte	0x8
 197 002f 70010000 		.4byte	.LASF1
 198 0033 02       		.uleb128 0x2
 199 0034 02       		.byte	0x2
 200 0035 05       		.byte	0x5
 201 0036 16020000 		.4byte	.LASF2
 202 003a 02       		.uleb128 0x2
 203 003b 02       		.byte	0x2
 204 003c 07       		.byte	0x7
 205 003d D4010000 		.4byte	.LASF3
 206 0041 02       		.uleb128 0x2
 207 0042 04       		.byte	0x4
 208 0043 05       		.byte	0x5
 209 0044 98010000 		.4byte	.LASF4
 210 0048 02       		.uleb128 0x2
 211 0049 04       		.byte	0x4
 212 004a 07       		.byte	0x7
 213 004b 8F000000 		.4byte	.LASF5
 214 004f 02       		.uleb128 0x2
 215 0050 08       		.byte	0x8
 216 0051 05       		.byte	0x5
 217 0052 00000000 		.4byte	.LASF6
 218 0056 02       		.uleb128 0x2
 219 0057 08       		.byte	0x8
 220 0058 07       		.byte	0x7
 221 0059 A1000000 		.4byte	.LASF7
 222 005d 03       		.uleb128 0x3
 223 005e 04       		.byte	0x4
 224 005f 05       		.byte	0x5
 225 0060 696E7400 		.ascii	"int\000"
 226 0064 02       		.uleb128 0x2
 227 0065 04       		.byte	0x4
 228 0066 07       		.byte	0x7
 229 0067 45000000 		.4byte	.LASF8
 230 006b 04       		.uleb128 0x4
 231 006c 89000000 		.4byte	.LASF12
 232 0070 02       		.byte	0x2
 233 0071 9201     		.2byte	0x192
 234 0073 2C000000 		.4byte	0x2c
 235 0077 02       		.uleb128 0x2
 236 0078 04       		.byte	0x4
 237 0079 04       		.byte	0x4
 238 007a 10020000 		.4byte	.LASF9
ARM GAS  C:\Users\kopusov.FT\AppData\Local\Temp\ccxLF172.s 			page 8


 239 007e 02       		.uleb128 0x2
 240 007f 08       		.byte	0x8
 241 0080 04       		.byte	0x4
 242 0081 A1010000 		.4byte	.LASF10
 243 0085 02       		.uleb128 0x2
 244 0086 01       		.byte	0x1
 245 0087 08       		.byte	0x8
 246 0088 7E010000 		.4byte	.LASF11
 247 008c 04       		.uleb128 0x4
 248 008d 20020000 		.4byte	.LASF13
 249 0091 02       		.byte	0x2
 250 0092 3C02     		.2byte	0x23c
 251 0094 98000000 		.4byte	0x98
 252 0098 05       		.uleb128 0x5
 253 0099 6B000000 		.4byte	0x6b
 254 009d 02       		.uleb128 0x2
 255 009e 04       		.byte	0x4
 256 009f 07       		.byte	0x7
 257 00a0 72020000 		.4byte	.LASF14
 258 00a4 06       		.uleb128 0x6
 259 00a5 02       		.byte	0x2
 260 00a6 03       		.byte	0x3
 261 00a7 31       		.byte	0x31
 262 00a8 C5000000 		.4byte	0xc5
 263 00ac 07       		.uleb128 0x7
 264 00ad 39000000 		.4byte	.LASF15
 265 00b1 03       		.byte	0x3
 266 00b2 33       		.byte	0x33
 267 00b3 6B000000 		.4byte	0x6b
 268 00b7 00       		.byte	0
 269 00b8 07       		.uleb128 0x7
 270 00b9 7B020000 		.4byte	.LASF16
 271 00bd 03       		.byte	0x3
 272 00be 34       		.byte	0x34
 273 00bf 6B000000 		.4byte	0x6b
 274 00c3 01       		.byte	0x1
 275 00c4 00       		.byte	0
 276 00c5 08       		.uleb128 0x8
 277 00c6 52000000 		.4byte	.LASF17
 278 00ca 03       		.byte	0x3
 279 00cb 35       		.byte	0x35
 280 00cc A4000000 		.4byte	0xa4
 281 00d0 09       		.uleb128 0x9
 282 00d1 6F000000 		.4byte	.LASF18
 283 00d5 01       		.byte	0x1
 284 00d6 34       		.byte	0x34
 285 00d7 00000000 		.4byte	.LFB0
 286 00db 18000000 		.4byte	.LFE0-.LFB0
 287 00df 01       		.uleb128 0x1
 288 00e0 9C       		.byte	0x9c
 289 00e1 09       		.uleb128 0x9
 290 00e2 F3010000 		.4byte	.LASF19
 291 00e6 01       		.byte	0x1
 292 00e7 4E       		.byte	0x4e
 293 00e8 00000000 		.4byte	.LFB1
 294 00ec 24000000 		.4byte	.LFE1-.LFB1
 295 00f0 01       		.uleb128 0x1
ARM GAS  C:\Users\kopusov.FT\AppData\Local\Temp\ccxLF172.s 			page 9


 296 00f1 9C       		.byte	0x9c
 297 00f2 0A       		.uleb128 0xa
 298 00f3 83010000 		.4byte	.LASF20
 299 00f7 01       		.byte	0x1
 300 00f8 71       		.byte	0x71
 301 00f9 00000000 		.4byte	.LFB2
 302 00fd 2C000000 		.4byte	.LFE2-.LFB2
 303 0101 01       		.uleb128 0x1
 304 0102 9C       		.byte	0x9c
 305 0103 1A010000 		.4byte	0x11a
 306 0107 0B       		.uleb128 0xb
 307 0108 1E000000 		.4byte	.LVL0
 308 010c D0000000 		.4byte	0xd0
 309 0110 0B       		.uleb128 0xb
 310 0111 22000000 		.4byte	.LVL1
 311 0115 53010000 		.4byte	0x153
 312 0119 00       		.byte	0
 313 011a 0A       		.uleb128 0xa
 314 011b A8010000 		.4byte	.LASF21
 315 011f 01       		.byte	0x1
 316 0120 99       		.byte	0x99
 317 0121 00000000 		.4byte	.LFB3
 318 0125 18000000 		.4byte	.LFE3-.LFB3
 319 0129 01       		.uleb128 0x1
 320 012a 9C       		.byte	0x9c
 321 012b 42010000 		.4byte	0x142
 322 012f 0B       		.uleb128 0xb
 323 0130 06000000 		.4byte	.LVL2
 324 0134 E1000000 		.4byte	0xe1
 325 0138 0B       		.uleb128 0xb
 326 0139 10000000 		.4byte	.LVL3
 327 013d 5A010000 		.4byte	0x15a
 328 0141 00       		.byte	0
 329 0142 0C       		.uleb128 0xc
 330 0143 B8000000 		.4byte	.LASF27
 331 0147 01       		.byte	0x1
 332 0148 18       		.byte	0x18
 333 0149 C5000000 		.4byte	0xc5
 334 014d 05       		.uleb128 0x5
 335 014e 03       		.byte	0x3
 336 014f 00000000 		.4byte	MDIO_Interface_backup
 337 0153 0D       		.uleb128 0xd
 338 0154 CE000000 		.4byte	.LASF22
 339 0158 03       		.byte	0x3
 340 0159 48       		.byte	0x48
 341 015a 0D       		.uleb128 0xd
 342 015b BE010000 		.4byte	.LASF23
 343 015f 03       		.byte	0x3
 344 0160 47       		.byte	0x47
 345 0161 00       		.byte	0
 346              		.section	.debug_abbrev,"",%progbits
 347              	.Ldebug_abbrev0:
 348 0000 01       		.uleb128 0x1
 349 0001 11       		.uleb128 0x11
 350 0002 01       		.byte	0x1
 351 0003 25       		.uleb128 0x25
 352 0004 0E       		.uleb128 0xe
ARM GAS  C:\Users\kopusov.FT\AppData\Local\Temp\ccxLF172.s 			page 10


 353 0005 13       		.uleb128 0x13
 354 0006 0B       		.uleb128 0xb
 355 0007 03       		.uleb128 0x3
 356 0008 0E       		.uleb128 0xe
 357 0009 1B       		.uleb128 0x1b
 358 000a 0E       		.uleb128 0xe
 359 000b 55       		.uleb128 0x55
 360 000c 17       		.uleb128 0x17
 361 000d 11       		.uleb128 0x11
 362 000e 01       		.uleb128 0x1
 363 000f 10       		.uleb128 0x10
 364 0010 17       		.uleb128 0x17
 365 0011 00       		.byte	0
 366 0012 00       		.byte	0
 367 0013 02       		.uleb128 0x2
 368 0014 24       		.uleb128 0x24
 369 0015 00       		.byte	0
 370 0016 0B       		.uleb128 0xb
 371 0017 0B       		.uleb128 0xb
 372 0018 3E       		.uleb128 0x3e
 373 0019 0B       		.uleb128 0xb
 374 001a 03       		.uleb128 0x3
 375 001b 0E       		.uleb128 0xe
 376 001c 00       		.byte	0
 377 001d 00       		.byte	0
 378 001e 03       		.uleb128 0x3
 379 001f 24       		.uleb128 0x24
 380 0020 00       		.byte	0
 381 0021 0B       		.uleb128 0xb
 382 0022 0B       		.uleb128 0xb
 383 0023 3E       		.uleb128 0x3e
 384 0024 0B       		.uleb128 0xb
 385 0025 03       		.uleb128 0x3
 386 0026 08       		.uleb128 0x8
 387 0027 00       		.byte	0
 388 0028 00       		.byte	0
 389 0029 04       		.uleb128 0x4
 390 002a 16       		.uleb128 0x16
 391 002b 00       		.byte	0
 392 002c 03       		.uleb128 0x3
 393 002d 0E       		.uleb128 0xe
 394 002e 3A       		.uleb128 0x3a
 395 002f 0B       		.uleb128 0xb
 396 0030 3B       		.uleb128 0x3b
 397 0031 05       		.uleb128 0x5
 398 0032 49       		.uleb128 0x49
 399 0033 13       		.uleb128 0x13
 400 0034 00       		.byte	0
 401 0035 00       		.byte	0
 402 0036 05       		.uleb128 0x5
 403 0037 35       		.uleb128 0x35
 404 0038 00       		.byte	0
 405 0039 49       		.uleb128 0x49
 406 003a 13       		.uleb128 0x13
 407 003b 00       		.byte	0
 408 003c 00       		.byte	0
 409 003d 06       		.uleb128 0x6
ARM GAS  C:\Users\kopusov.FT\AppData\Local\Temp\ccxLF172.s 			page 11


 410 003e 13       		.uleb128 0x13
 411 003f 01       		.byte	0x1
 412 0040 0B       		.uleb128 0xb
 413 0041 0B       		.uleb128 0xb
 414 0042 3A       		.uleb128 0x3a
 415 0043 0B       		.uleb128 0xb
 416 0044 3B       		.uleb128 0x3b
 417 0045 0B       		.uleb128 0xb
 418 0046 01       		.uleb128 0x1
 419 0047 13       		.uleb128 0x13
 420 0048 00       		.byte	0
 421 0049 00       		.byte	0
 422 004a 07       		.uleb128 0x7
 423 004b 0D       		.uleb128 0xd
 424 004c 00       		.byte	0
 425 004d 03       		.uleb128 0x3
 426 004e 0E       		.uleb128 0xe
 427 004f 3A       		.uleb128 0x3a
 428 0050 0B       		.uleb128 0xb
 429 0051 3B       		.uleb128 0x3b
 430 0052 0B       		.uleb128 0xb
 431 0053 49       		.uleb128 0x49
 432 0054 13       		.uleb128 0x13
 433 0055 38       		.uleb128 0x38
 434 0056 0B       		.uleb128 0xb
 435 0057 00       		.byte	0
 436 0058 00       		.byte	0
 437 0059 08       		.uleb128 0x8
 438 005a 16       		.uleb128 0x16
 439 005b 00       		.byte	0
 440 005c 03       		.uleb128 0x3
 441 005d 0E       		.uleb128 0xe
 442 005e 3A       		.uleb128 0x3a
 443 005f 0B       		.uleb128 0xb
 444 0060 3B       		.uleb128 0x3b
 445 0061 0B       		.uleb128 0xb
 446 0062 49       		.uleb128 0x49
 447 0063 13       		.uleb128 0x13
 448 0064 00       		.byte	0
 449 0065 00       		.byte	0
 450 0066 09       		.uleb128 0x9
 451 0067 2E       		.uleb128 0x2e
 452 0068 00       		.byte	0
 453 0069 3F       		.uleb128 0x3f
 454 006a 19       		.uleb128 0x19
 455 006b 03       		.uleb128 0x3
 456 006c 0E       		.uleb128 0xe
 457 006d 3A       		.uleb128 0x3a
 458 006e 0B       		.uleb128 0xb
 459 006f 3B       		.uleb128 0x3b
 460 0070 0B       		.uleb128 0xb
 461 0071 27       		.uleb128 0x27
 462 0072 19       		.uleb128 0x19
 463 0073 11       		.uleb128 0x11
 464 0074 01       		.uleb128 0x1
 465 0075 12       		.uleb128 0x12
 466 0076 06       		.uleb128 0x6
ARM GAS  C:\Users\kopusov.FT\AppData\Local\Temp\ccxLF172.s 			page 12


 467 0077 40       		.uleb128 0x40
 468 0078 18       		.uleb128 0x18
 469 0079 9742     		.uleb128 0x2117
 470 007b 19       		.uleb128 0x19
 471 007c 00       		.byte	0
 472 007d 00       		.byte	0
 473 007e 0A       		.uleb128 0xa
 474 007f 2E       		.uleb128 0x2e
 475 0080 01       		.byte	0x1
 476 0081 3F       		.uleb128 0x3f
 477 0082 19       		.uleb128 0x19
 478 0083 03       		.uleb128 0x3
 479 0084 0E       		.uleb128 0xe
 480 0085 3A       		.uleb128 0x3a
 481 0086 0B       		.uleb128 0xb
 482 0087 3B       		.uleb128 0x3b
 483 0088 0B       		.uleb128 0xb
 484 0089 27       		.uleb128 0x27
 485 008a 19       		.uleb128 0x19
 486 008b 11       		.uleb128 0x11
 487 008c 01       		.uleb128 0x1
 488 008d 12       		.uleb128 0x12
 489 008e 06       		.uleb128 0x6
 490 008f 40       		.uleb128 0x40
 491 0090 18       		.uleb128 0x18
 492 0091 9742     		.uleb128 0x2117
 493 0093 19       		.uleb128 0x19
 494 0094 01       		.uleb128 0x1
 495 0095 13       		.uleb128 0x13
 496 0096 00       		.byte	0
 497 0097 00       		.byte	0
 498 0098 0B       		.uleb128 0xb
 499 0099 898201   		.uleb128 0x4109
 500 009c 00       		.byte	0
 501 009d 11       		.uleb128 0x11
 502 009e 01       		.uleb128 0x1
 503 009f 31       		.uleb128 0x31
 504 00a0 13       		.uleb128 0x13
 505 00a1 00       		.byte	0
 506 00a2 00       		.byte	0
 507 00a3 0C       		.uleb128 0xc
 508 00a4 34       		.uleb128 0x34
 509 00a5 00       		.byte	0
 510 00a6 03       		.uleb128 0x3
 511 00a7 0E       		.uleb128 0xe
 512 00a8 3A       		.uleb128 0x3a
 513 00a9 0B       		.uleb128 0xb
 514 00aa 3B       		.uleb128 0x3b
 515 00ab 0B       		.uleb128 0xb
 516 00ac 49       		.uleb128 0x49
 517 00ad 13       		.uleb128 0x13
 518 00ae 02       		.uleb128 0x2
 519 00af 18       		.uleb128 0x18
 520 00b0 00       		.byte	0
 521 00b1 00       		.byte	0
 522 00b2 0D       		.uleb128 0xd
 523 00b3 2E       		.uleb128 0x2e
ARM GAS  C:\Users\kopusov.FT\AppData\Local\Temp\ccxLF172.s 			page 13


 524 00b4 00       		.byte	0
 525 00b5 3F       		.uleb128 0x3f
 526 00b6 19       		.uleb128 0x19
 527 00b7 03       		.uleb128 0x3
 528 00b8 0E       		.uleb128 0xe
 529 00b9 3A       		.uleb128 0x3a
 530 00ba 0B       		.uleb128 0xb
 531 00bb 3B       		.uleb128 0x3b
 532 00bc 0B       		.uleb128 0xb
 533 00bd 27       		.uleb128 0x27
 534 00be 19       		.uleb128 0x19
 535 00bf 3C       		.uleb128 0x3c
 536 00c0 19       		.uleb128 0x19
 537 00c1 00       		.byte	0
 538 00c2 00       		.byte	0
 539 00c3 00       		.byte	0
 540              		.section	.debug_aranges,"",%progbits
 541 0000 34000000 		.4byte	0x34
 542 0004 0200     		.2byte	0x2
 543 0006 00000000 		.4byte	.Ldebug_info0
 544 000a 04       		.byte	0x4
 545 000b 00       		.byte	0
 546 000c 0000     		.2byte	0
 547 000e 0000     		.2byte	0
 548 0010 00000000 		.4byte	.LFB0
 549 0014 18000000 		.4byte	.LFE0-.LFB0
 550 0018 00000000 		.4byte	.LFB1
 551 001c 24000000 		.4byte	.LFE1-.LFB1
 552 0020 00000000 		.4byte	.LFB2
 553 0024 2C000000 		.4byte	.LFE2-.LFB2
 554 0028 00000000 		.4byte	.LFB3
 555 002c 18000000 		.4byte	.LFE3-.LFB3
 556 0030 00000000 		.4byte	0
 557 0034 00000000 		.4byte	0
 558              		.section	.debug_ranges,"",%progbits
 559              	.Ldebug_ranges0:
 560 0000 00000000 		.4byte	.LFB0
 561 0004 18000000 		.4byte	.LFE0
 562 0008 00000000 		.4byte	.LFB1
 563 000c 24000000 		.4byte	.LFE1
 564 0010 00000000 		.4byte	.LFB2
 565 0014 2C000000 		.4byte	.LFE2
 566 0018 00000000 		.4byte	.LFB3
 567 001c 18000000 		.4byte	.LFE3
 568 0020 00000000 		.4byte	0
 569 0024 00000000 		.4byte	0
 570              		.section	.debug_line,"",%progbits
 571              	.Ldebug_line0:
 572 0000 B3000000 		.section	.debug_str,"MS",%progbits,1
 572      02006200 
 572      00000201 
 572      FB0E0D00 
 572      01010101 
 573              	.LASF6:
 574 0000 6C6F6E67 		.ascii	"long long int\000"
 574      206C6F6E 
 574      6720696E 
ARM GAS  C:\Users\kopusov.FT\AppData\Local\Temp\ccxLF172.s 			page 14


 574      7400
 575              	.LASF25:
 576 000e 47656E65 		.ascii	"Generated_Source\\PSoC5\\MDIO_Interface_PM.c\000"
 576      72617465 
 576      645F536F 
 576      75726365 
 576      5C50536F 
 577              	.LASF15:
 578 0039 656E6162 		.ascii	"enableState\000"
 578      6C655374 
 578      61746500 
 579              	.LASF8:
 580 0045 756E7369 		.ascii	"unsigned int\000"
 580      676E6564 
 580      20696E74 
 580      00
 581              	.LASF17:
 582 0052 4D44494F 		.ascii	"MDIO_Interface_BACKUP_STRUCT\000"
 582      5F496E74 
 582      65726661 
 582      63655F42 
 582      41434B55 
 583              	.LASF18:
 584 006f 4D44494F 		.ascii	"MDIO_Interface_SaveConfig\000"
 584      5F496E74 
 584      65726661 
 584      63655F53 
 584      61766543 
 585              	.LASF12:
 586 0089 75696E74 		.ascii	"uint8\000"
 586      3800
 587              	.LASF5:
 588 008f 6C6F6E67 		.ascii	"long unsigned int\000"
 588      20756E73 
 588      69676E65 
 588      6420696E 
 588      7400
 589              	.LASF7:
 590 00a1 6C6F6E67 		.ascii	"long long unsigned int\000"
 590      206C6F6E 
 590      6720756E 
 590      7369676E 
 590      65642069 
 591              	.LASF27:
 592 00b8 4D44494F 		.ascii	"MDIO_Interface_backup\000"
 592      5F496E74 
 592      65726661 
 592      63655F62 
 592      61636B75 
 593              	.LASF22:
 594 00ce 4D44494F 		.ascii	"MDIO_Interface_Stop\000"
 594      5F496E74 
 594      65726661 
 594      63655F53 
 594      746F7000 
 595              	.LASF24:
 596 00e2 474E5520 		.ascii	"GNU C 4.9.3 20150303 (release) [ARM/embedded-4_9-br"
ARM GAS  C:\Users\kopusov.FT\AppData\Local\Temp\ccxLF172.s 			page 15


 596      4320342E 
 596      392E3320 
 596      32303135 
 596      30333033 
 597 0115 616E6368 		.ascii	"anch revision 221220] -mcpu=cortex-m3 -mthumb -g -O"
 597      20726576 
 597      6973696F 
 597      6E203232 
 597      31323230 
 598 0148 67202D66 		.ascii	"g -ffunction-sections -ffat-lto-objects\000"
 598      66756E63 
 598      74696F6E 
 598      2D736563 
 598      74696F6E 
 599              	.LASF1:
 600 0170 756E7369 		.ascii	"unsigned char\000"
 600      676E6564 
 600      20636861 
 600      7200
 601              	.LASF11:
 602 017e 63686172 		.ascii	"char\000"
 602      00
 603              	.LASF20:
 604 0183 4D44494F 		.ascii	"MDIO_Interface_Sleep\000"
 604      5F496E74 
 604      65726661 
 604      63655F53 
 604      6C656570 
 605              	.LASF4:
 606 0198 6C6F6E67 		.ascii	"long int\000"
 606      20696E74 
 606      00
 607              	.LASF10:
 608 01a1 646F7562 		.ascii	"double\000"
 608      6C6500
 609              	.LASF21:
 610 01a8 4D44494F 		.ascii	"MDIO_Interface_Wakeup\000"
 610      5F496E74 
 610      65726661 
 610      63655F57 
 610      616B6575 
 611              	.LASF23:
 612 01be 4D44494F 		.ascii	"MDIO_Interface_Enable\000"
 612      5F496E74 
 612      65726661 
 612      63655F45 
 612      6E61626C 
 613              	.LASF3:
 614 01d4 73686F72 		.ascii	"short unsigned int\000"
 614      7420756E 
 614      7369676E 
 614      65642069 
 614      6E7400
 615              	.LASF0:
 616 01e7 7369676E 		.ascii	"signed char\000"
 616      65642063 
 616      68617200 
ARM GAS  C:\Users\kopusov.FT\AppData\Local\Temp\ccxLF172.s 			page 16


 617              	.LASF19:
 618 01f3 4D44494F 		.ascii	"MDIO_Interface_RestoreConfig\000"
 618      5F496E74 
 618      65726661 
 618      63655F52 
 618      6573746F 
 619              	.LASF9:
 620 0210 666C6F61 		.ascii	"float\000"
 620      7400
 621              	.LASF2:
 622 0216 73686F72 		.ascii	"short int\000"
 622      7420696E 
 622      7400
 623              	.LASF13:
 624 0220 72656738 		.ascii	"reg8\000"
 624      00
 625              	.LASF26:
 626 0225 443A5C70 		.ascii	"D:\\pgm\\Cypress_dem_board\\CFP_reader\\cfp_reader\\"
 626      676D5C43 
 626      79707265 
 626      73735F64 
 626      656D5F62 
 627 0254 575F6366 		.ascii	"W_cfp_reader\\cfp_reader.cydsn\000"
 627      705F7265 
 627      61646572 
 627      5C636670 
 627      5F726561 
 628              	.LASF14:
 629 0272 73697A65 		.ascii	"sizetype\000"
 629      74797065 
 629      00
 630              	.LASF16:
 631 027b 696E7465 		.ascii	"interruptState\000"
 631      72727570 
 631      74537461 
 631      746500
 632              		.ident	"GCC: (GNU Tools for ARM Embedded Processors) 4.9.3 20150303 (release) [ARM/embedded-4_9-br
