--------------- Rebuild Started: 06/02/2017 10:12:42 Project: cfp_reader, Configuration: ARM GCC 4.9-2015-q1-update Debug ---------------
Deleting file ".\cfp_reader.rpt"
cydsfit.exe -.appdatapath "C:\Users\kopusov.FT\AppData\Local\Cypress Semiconductor\PSoC Creator\4.0" -.fdsnotice -.fdswarpdepfile=warp_dependencies.txt -.fdselabdepfile=elab_dependencies.txt -.fdsbldfile=generated_files.txt -.fdsreffile=referenced_files.txt -p D:\PROJECT\pgm\Cypress_dem_board\CFP_reader\cfp_reader\W_cfp_reader\cfp_reader.cydsn\cfp_reader.cyprj -d CY8C5868AXI-LP035 -s D:\PROJECT\pgm\Cypress_dem_board\CFP_reader\cfp_reader\W_cfp_reader\cfp_reader.cydsn\Generated_Source\PSoC5 -- -yv2 -q10 -ygs -o2 -v3 -.fftcfgtype=LE
Elaborating Design...
ADD: sdb.M0065: information: Analog terminal "Opamp_1.Vout" on TopDesign is unconnected.
 * D:\PROJECT\pgm\Cypress_dem_board\CFP_reader\cfp_reader\W_cfp_reader\cfp_reader.cydsn\TopDesign\TopDesign.cysch (Signal: Vref)
 * D:\PROJECT\pgm\Cypress_dem_board\CFP_reader\cfp_reader\W_cfp_reader\cfp_reader.cydsn\TopDesign\TopDesign.cysch (Shape_443)
 * D:\PROJECT\pgm\Cypress_dem_board\CFP_reader\cfp_reader\W_cfp_reader\cfp_reader.cydsn\TopDesign\TopDesign.cysch (Shape_550)
 * D:\PROJECT\pgm\Cypress_dem_board\CFP_reader\cfp_reader\W_cfp_reader\cfp_reader.cydsn\TopDesign\TopDesign.cysch (Shape_605)
 * D:\PROJECT\pgm\Cypress_dem_board\CFP_reader\cfp_reader\W_cfp_reader\cfp_reader.cydsn\TopDesign\TopDesign.cysch (Shape_692)
 * D:\PROJECT\pgm\Cypress_dem_board\CFP_reader\cfp_reader\W_cfp_reader\cfp_reader.cydsn\TopDesign\TopDesign.cysch (Shape_695)
 * D:\PROJECT\pgm\Cypress_dem_board\CFP_reader\cfp_reader\W_cfp_reader\cfp_reader.cydsn\TopDesign\TopDesign.cysch (Shape_701)
 * D:\PROJECT\pgm\Cypress_dem_board\CFP_reader\cfp_reader\W_cfp_reader\cfp_reader.cydsn\TopDesign\TopDesign.cysch (Shape_703)
 * D:\PROJECT\pgm\Cypress_dem_board\CFP_reader\cfp_reader\W_cfp_reader\cfp_reader.cydsn\TopDesign\TopDesign.cysch (Shape_705)
 * D:\PROJECT\pgm\Cypress_dem_board\CFP_reader\cfp_reader\W_cfp_reader\cfp_reader.cydsn\TopDesign\TopDesign.cysch (Shape_708)
 * D:\PROJECT\pgm\Cypress_dem_board\CFP_reader\cfp_reader\W_cfp_reader\cfp_reader.cydsn\TopDesign\TopDesign.cysch (Shape_72.10)
 * D:\PROJECT\pgm\Cypress_dem_board\CFP_reader\cfp_reader\W_cfp_reader\cfp_reader.cydsn\TopDesign\TopDesign.cysch (Shape_725)
 * D:\PROJECT\pgm\Cypress_dem_board\CFP_reader\cfp_reader\W_cfp_reader\cfp_reader.cydsn\TopDesign\TopDesign.cysch (Shape_73)
 * D:\PROJECT\pgm\Cypress_dem_board\CFP_reader\cfp_reader\W_cfp_reader\cfp_reader.cydsn\TopDesign\TopDesign.cysch (Shape_74)
 * D:\PROJECT\pgm\Cypress_dem_board\CFP_reader\cfp_reader\W_cfp_reader\cfp_reader.cydsn\TopDesign\TopDesign.cysch (Shape_784)
 * D:\PROJECT\pgm\Cypress_dem_board\CFP_reader\cfp_reader\W_cfp_reader\cfp_reader.cydsn\TopDesign\TopDesign.cysch (Shape_932)
ADD: fit.M0032: warning: Clock Warning: (Clock_3's accuracy range '24 MHz' is not within the specified tolerance range '42 MHz +/- 5%, (39.9 MHz - 44.1 MHz)'.).
 * D:\PROJECT\pgm\Cypress_dem_board\CFP_reader\cfp_reader\W_cfp_reader\cfp_reader.cydsn\cfp_reader.cydwr (Clock_3)
 * D:\PROJECT\pgm\Cypress_dem_board\CFP_reader\cfp_reader\W_cfp_reader\cfp_reader.cydsn\TopDesign\TopDesign.cysch (Instance:Clock_3)
ADD: sdb.M0061: information: Info from component: VDAC8_1. System VDDA voltage is set less than the voltage range of
        VDAC, the actual range of the VDAC will be 0V to VDDA.
 * D:\PROJECT\pgm\Cypress_dem_board\CFP_reader\cfp_reader\W_cfp_reader\cfp_reader.cydsn\TopDesign\TopDesign.cysch (Instance:VDAC8_1)
HDL Generation...
Synthesis...
Tech Mapping...
ADD: pft.M0040: information: The following 7 pin(s) will be assigned a location by the fitter: \LCD:LCDPort(0)\, \LCD:LCDPort(1)\, \LCD:LCDPort(2)\, \LCD:LCDPort(3)\, \LCD:LCDPort(4)\, \LCD:LCDPort(5)\, \LCD:LCDPort(6)\
Analog Placement...
Log: apr.M0058: The analog placement iterative improvement is 39% done. (App=cydsfit)
Analog Routing...
Analog Code Generation...
Digital Placement...
Digital Routing...
Bitstream Generation...
Bitstream Verification...
Static timing analysis...
API Generation...
Dependency Generation...
Cleanup...
arm-none-eabi-gcc.exe -mcpu=cortex-m3 -mthumb -I. -IGenerated_Source\PSoC5 -Wa,-alh=.\CortexM3\ARM_GCC_493\Debug/main.lst -g -D DEBUG -Wall -ffunction-sections -Og -ffat-lto-objects -c main.c -o .\CortexM3\ARM_GCC_493\Debug\main.o
main.c: In function 'analiz_rx_data':
main.c:361:24: warning: unused variable 'strk' [-Wunused-variable]
     uint8_t tx_data[3],strk[10];//,tmp_byte=0;
                        ^
arm-none-eabi-gcc.exe -mcpu=cortex-m3 -mthumb -I. -IGenerated_Source\PSoC5 -Wa,-alh=.\CortexM3\ARM_GCC_493\Debug/cyfitter_cfg.lst -g -D DEBUG -Wall -ffunction-sections -Og -ffat-lto-objects -c Generated_Source\PSoC5\cyfitter_cfg.c -o .\CortexM3\ARM_GCC_493\Debug\cyfitter_cfg.o
arm-none-eabi-gcc.exe -mcpu=cortex-m3 -mthumb -I. -IGenerated_Source\PSoC5 -Wa,-alh=.\CortexM3\ARM_GCC_493\Debug/cymetadata.lst -g -D DEBUG -Wall -ffunction-sections -Og -ffat-lto-objects -c Generated_Source\PSoC5\cymetadata.c -o .\CortexM3\ARM_GCC_493\Debug\cymetadata.o
arm-none-eabi-gcc.exe -mcpu=cortex-m3 -mthumb -I. -IGenerated_Source\PSoC5 -Wa,-alh=.\CortexM3\ARM_GCC_493\Debug/VRef_1V2.lst -g -D DEBUG -Wall -ffunction-sections -Og -ffat-lto-objects -c Generated_Source\PSoC5\VRef_1V2.c -o .\CortexM3\ARM_GCC_493\Debug\VRef_1V2.o
arm-none-eabi-gcc.exe -mcpu=cortex-m3 -mthumb -I. -IGenerated_Source\PSoC5 -Wa,-alh=.\CortexM3\ARM_GCC_493\Debug/Clock_3.lst -g -D DEBUG -Wall -ffunction-sections -Og -ffat-lto-objects -c Generated_Source\PSoC5\Clock_3.c -o .\CortexM3\ARM_GCC_493\Debug\Clock_3.o
arm-none-eabi-gcc.exe -mcpu=cortex-m3 -mthumb -I. -IGenerated_Source\PSoC5 -Wa,-alh=.\CortexM3\ARM_GCC_493\Debug/MDIO_M.lst -g -D DEBUG -Wall -ffunction-sections -Og -ffat-lto-objects -c Generated_Source\PSoC5\MDIO_M.c -o .\CortexM3\ARM_GCC_493\Debug\MDIO_M.o
arm-none-eabi-gcc.exe -mcpu=cortex-m3 -mthumb -I. -IGenerated_Source\PSoC5 -Wa,-alh=.\CortexM3\ARM_GCC_493\Debug/VDAC8_1.lst -g -D DEBUG -Wall -ffunction-sections -Og -ffat-lto-objects -c Generated_Source\PSoC5\VDAC8_1.c -o .\CortexM3\ARM_GCC_493\Debug\VDAC8_1.o
arm-none-eabi-gcc.exe -mcpu=cortex-m3 -mthumb -I. -IGenerated_Source\PSoC5 -Wa,-alh=.\CortexM3\ARM_GCC_493\Debug/VDAC8_1_PM.lst -g -D DEBUG -Wall -ffunction-sections -Og -ffat-lto-objects -c Generated_Source\PSoC5\VDAC8_1_PM.c -o .\CortexM3\ARM_GCC_493\Debug\VDAC8_1_PM.o
arm-none-eabi-gcc.exe -mcpu=cortex-m3 -mthumb -I. -IGenerated_Source\PSoC5 -Wa,-alh=.\CortexM3\ARM_GCC_493\Debug/Opamp_1.lst -g -D DEBUG -Wall -ffunction-sections -Og -ffat-lto-objects -c Generated_Source\PSoC5\Opamp_1.c -o .\CortexM3\ARM_GCC_493\Debug\Opamp_1.o
arm-none-eabi-gcc.exe -mcpu=cortex-m3 -mthumb -I. -IGenerated_Source\PSoC5 -Wa,-alh=.\CortexM3\ARM_GCC_493\Debug/Opamp_1_PM.lst -g -D DEBUG -Wall -ffunction-sections -Og -ffat-lto-objects -c Generated_Source\PSoC5\Opamp_1_PM.c -o .\CortexM3\ARM_GCC_493\Debug\Opamp_1_PM.o
arm-none-eabi-gcc.exe -mcpu=cortex-m3 -mthumb -I. -IGenerated_Source\PSoC5 -Wa,-alh=.\CortexM3\ARM_GCC_493\Debug/MDC_M.lst -g -D DEBUG -Wall -ffunction-sections -Og -ffat-lto-objects -c Generated_Source\PSoC5\MDC_M.c -o .\CortexM3\ARM_GCC_493\Debug\MDC_M.o
arm-none-eabi-gcc.exe -mcpu=cortex-m3 -mthumb -I. -IGenerated_Source\PSoC5 -Wa,-alh=.\CortexM3\ARM_GCC_493\Debug/Cm3Start.lst -g -D DEBUG -Wall -ffunction-sections -Og -ffat-lto-objects -c Generated_Source\PSoC5\Cm3Start.c -o .\CortexM3\ARM_GCC_493\Debug\Cm3Start.o
arm-none-eabi-gcc.exe -mcpu=cortex-m3 -mthumb -I. -IGenerated_Source\PSoC5 -Wa,-alh=.\CortexM3\ARM_GCC_493\Debug/CyDmac.lst -g -D DEBUG -Wall -ffunction-sections -Og -ffat-lto-objects -c Generated_Source\PSoC5\CyDmac.c -o .\CortexM3\ARM_GCC_493\Debug\CyDmac.o
arm-none-eabi-gcc.exe -mcpu=cortex-m3 -mthumb -I. -IGenerated_Source\PSoC5 -Wa,-alh=.\CortexM3\ARM_GCC_493\Debug/CyFlash.lst -g -D DEBUG -Wall -ffunction-sections -Og -ffat-lto-objects -c Generated_Source\PSoC5\CyFlash.c -o .\CortexM3\ARM_GCC_493\Debug\CyFlash.o
arm-none-eabi-gcc.exe -mcpu=cortex-m3 -mthumb -I. -IGenerated_Source\PSoC5 -Wa,-alh=.\CortexM3\ARM_GCC_493\Debug/CyLib.lst -g -D DEBUG -Wall -ffunction-sections -Og -ffat-lto-objects -c Generated_Source\PSoC5\CyLib.c -o .\CortexM3\ARM_GCC_493\Debug\CyLib.o
arm-none-eabi-gcc.exe -mcpu=cortex-m3 -mthumb -I. -IGenerated_Source\PSoC5 -Wa,-alh=.\CortexM3\ARM_GCC_493\Debug/cyPm.lst -g -D DEBUG -Wall -ffunction-sections -Og -ffat-lto-objects -c Generated_Source\PSoC5\cyPm.c -o .\CortexM3\ARM_GCC_493\Debug\cyPm.o
arm-none-eabi-gcc.exe -mcpu=cortex-m3 -mthumb -I. -IGenerated_Source\PSoC5 -Wa,-alh=.\CortexM3\ARM_GCC_493\Debug/CySpc.lst -g -D DEBUG -Wall -ffunction-sections -Og -ffat-lto-objects -c Generated_Source\PSoC5\CySpc.c -o .\CortexM3\ARM_GCC_493\Debug\CySpc.o
arm-none-eabi-gcc.exe -mcpu=cortex-m3 -mthumb -I. -IGenerated_Source\PSoC5 -Wa,-alh=.\CortexM3\ARM_GCC_493\Debug/cyutils.lst -g -D DEBUG -Wall -ffunction-sections -Og -ffat-lto-objects -c Generated_Source\PSoC5\cyutils.c -o .\CortexM3\ARM_GCC_493\Debug\cyutils.o
arm-none-eabi-gcc.exe -mcpu=cortex-m3 -mthumb -I. -IGenerated_Source\PSoC5 -Wa,-alh=.\CortexM3\ARM_GCC_493\Debug/Clock_2.lst -g -D DEBUG -Wall -ffunction-sections -Og -ffat-lto-objects -c Generated_Source\PSoC5\Clock_2.c -o .\CortexM3\ARM_GCC_493\Debug\Clock_2.o
arm-none-eabi-gcc.exe -mcpu=cortex-m3 -mthumb -I. -IGenerated_Source\PSoC5 -Wa,-alh=.\CortexM3\ARM_GCC_493\Debug/PWM_1.lst -g -D DEBUG -Wall -ffunction-sections -Og -ffat-lto-objects -c Generated_Source\PSoC5\PWM_1.c -o .\CortexM3\ARM_GCC_493\Debug\PWM_1.o
arm-none-eabi-gcc.exe -mcpu=cortex-m3 -mthumb -I. -IGenerated_Source\PSoC5 -Wa,-alh=.\CortexM3\ARM_GCC_493\Debug/PWM_1_PM.lst -g -D DEBUG -Wall -ffunction-sections -Og -ffat-lto-objects -c Generated_Source\PSoC5\PWM_1_PM.c -o .\CortexM3\ARM_GCC_493\Debug\PWM_1_PM.o
arm-none-eabi-gcc.exe -mcpu=cortex-m3 -mthumb -I. -IGenerated_Source\PSoC5 -Wa,-alh=.\CortexM3\ARM_GCC_493\Debug/LED_1.lst -g -D DEBUG -Wall -ffunction-sections -Og -ffat-lto-objects -c Generated_Source\PSoC5\LED_1.c -o .\CortexM3\ARM_GCC_493\Debug\LED_1.o
arm-none-eabi-gcc.exe -mcpu=cortex-m3 -mthumb -I. -IGenerated_Source\PSoC5 -Wa,-alh=.\CortexM3\ARM_GCC_493\Debug/LED_2.lst -g -D DEBUG -Wall -ffunction-sections -Og -ffat-lto-objects -c Generated_Source\PSoC5\LED_2.c -o .\CortexM3\ARM_GCC_493\Debug\LED_2.o
arm-none-eabi-gcc.exe -mcpu=cortex-m3 -mthumb -I. -IGenerated_Source\PSoC5 -Wa,-alh=.\CortexM3\ARM_GCC_493\Debug/USBUART_1.lst -g -D DEBUG -Wall -ffunction-sections -Og -ffat-lto-objects -c Generated_Source\PSoC5\USBUART_1.c -o .\CortexM3\ARM_GCC_493\Debug\USBUART_1.o
arm-none-eabi-gcc.exe -mcpu=cortex-m3 -mthumb -I. -IGenerated_Source\PSoC5 -Wa,-alh=.\CortexM3\ARM_GCC_493\Debug/USBUART_1_audio.lst -g -D DEBUG -Wall -ffunction-sections -Og -ffat-lto-objects -c Generated_Source\PSoC5\USBUART_1_audio.c -o .\CortexM3\ARM_GCC_493\Debug\USBUART_1_audio.o
arm-none-eabi-gcc.exe -mcpu=cortex-m3 -mthumb -I. -IGenerated_Source\PSoC5 -Wa,-alh=.\CortexM3\ARM_GCC_493\Debug/USBUART_1_boot.lst -g -D DEBUG -Wall -ffunction-sections -Og -ffat-lto-objects -c Generated_Source\PSoC5\USBUART_1_boot.c -o .\CortexM3\ARM_GCC_493\Debug\USBUART_1_boot.o
arm-none-eabi-gcc.exe -mcpu=cortex-m3 -mthumb -I. -IGenerated_Source\PSoC5 -Wa,-alh=.\CortexM3\ARM_GCC_493\Debug/USBUART_1_cdc.lst -g -D DEBUG -Wall -ffunction-sections -Og -ffat-lto-objects -c Generated_Source\PSoC5\USBUART_1_cdc.c -o .\CortexM3\ARM_GCC_493\Debug\USBUART_1_cdc.o
arm-none-eabi-gcc.exe -mcpu=cortex-m3 -mthumb -I. -IGenerated_Source\PSoC5 -Wa,-alh=.\CortexM3\ARM_GCC_493\Debug/USBUART_1_cls.lst -g -D DEBUG -Wall -ffunction-sections -Og -ffat-lto-objects -c Generated_Source\PSoC5\USBUART_1_cls.c -o .\CortexM3\ARM_GCC_493\Debug\USBUART_1_cls.o
arm-none-eabi-gcc.exe -mcpu=cortex-m3 -mthumb -I. -IGenerated_Source\PSoC5 -Wa,-alh=.\CortexM3\ARM_GCC_493\Debug/USBUART_1_descr.lst -g -D DEBUG -Wall -ffunction-sections -Og -ffat-lto-objects -c Generated_Source\PSoC5\USBUART_1_descr.c -o .\CortexM3\ARM_GCC_493\Debug\USBUART_1_descr.o
arm-none-eabi-gcc.exe -mcpu=cortex-m3 -mthumb -I. -IGenerated_Source\PSoC5 -Wa,-alh=.\CortexM3\ARM_GCC_493\Debug/USBUART_1_drv.lst -g -D DEBUG -Wall -ffunction-sections -Og -ffat-lto-objects -c Generated_Source\PSoC5\USBUART_1_drv.c -o .\CortexM3\ARM_GCC_493\Debug\USBUART_1_drv.o
arm-none-eabi-gcc.exe -mcpu=cortex-m3 -mthumb -I. -IGenerated_Source\PSoC5 -Wa,-alh=.\CortexM3\ARM_GCC_493\Debug/USBUART_1_episr.lst -g -D DEBUG -Wall -ffunction-sections -Og -ffat-lto-objects -c Generated_Source\PSoC5\USBUART_1_episr.c -o .\CortexM3\ARM_GCC_493\Debug\USBUART_1_episr.o
arm-none-eabi-gcc.exe -mcpu=cortex-m3 -mthumb -I. -IGenerated_Source\PSoC5 -Wa,-alh=.\CortexM3\ARM_GCC_493\Debug/USBUART_1_hid.lst -g -D DEBUG -Wall -ffunction-sections -Og -ffat-lto-objects -c Generated_Source\PSoC5\USBUART_1_hid.c -o .\CortexM3\ARM_GCC_493\Debug\USBUART_1_hid.o
arm-none-eabi-gcc.exe -mcpu=cortex-m3 -mthumb -I. -IGenerated_Source\PSoC5 -Wa,-alh=.\CortexM3\ARM_GCC_493\Debug/USBUART_1_pm.lst -g -D DEBUG -Wall -ffunction-sections -Og -ffat-lto-objects -c Generated_Source\PSoC5\USBUART_1_pm.c -o .\CortexM3\ARM_GCC_493\Debug\USBUART_1_pm.o
arm-none-eabi-gcc.exe -mcpu=cortex-m3 -mthumb -I. -IGenerated_Source\PSoC5 -Wa,-alh=.\CortexM3\ARM_GCC_493\Debug/USBUART_1_std.lst -g -D DEBUG -Wall -ffunction-sections -Og -ffat-lto-objects -c Generated_Source\PSoC5\USBUART_1_std.c -o .\CortexM3\ARM_GCC_493\Debug\USBUART_1_std.o
arm-none-eabi-gcc.exe -mcpu=cortex-m3 -mthumb -I. -IGenerated_Source\PSoC5 -Wa,-alh=.\CortexM3\ARM_GCC_493\Debug/USBUART_1_vnd.lst -g -D DEBUG -Wall -ffunction-sections -Og -ffat-lto-objects -c Generated_Source\PSoC5\USBUART_1_vnd.c -o .\CortexM3\ARM_GCC_493\Debug\USBUART_1_vnd.o
arm-none-eabi-gcc.exe -mcpu=cortex-m3 -mthumb -I. -IGenerated_Source\PSoC5 -Wa,-alh=.\CortexM3\ARM_GCC_493\Debug/USBUART_1_midi.lst -g -D DEBUG -Wall -ffunction-sections -Og -ffat-lto-objects -c Generated_Source\PSoC5\USBUART_1_midi.c -o .\CortexM3\ARM_GCC_493\Debug\USBUART_1_midi.o
arm-none-eabi-gcc.exe -mcpu=cortex-m3 -mthumb -I. -IGenerated_Source\PSoC5 -Wa,-alh=.\CortexM3\ARM_GCC_493\Debug/USBUART_1_msc.lst -g -D DEBUG -Wall -ffunction-sections -Og -ffat-lto-objects -c Generated_Source\PSoC5\USBUART_1_msc.c -o .\CortexM3\ARM_GCC_493\Debug\USBUART_1_msc.o
arm-none-eabi-gcc.exe -mcpu=cortex-m3 -mthumb -I. -IGenerated_Source\PSoC5 -Wa,-alh=.\CortexM3\ARM_GCC_493\Debug/USBUART_1_Dm.lst -g -D DEBUG -Wall -ffunction-sections -Og -ffat-lto-objects -c Generated_Source\PSoC5\USBUART_1_Dm.c -o .\CortexM3\ARM_GCC_493\Debug\USBUART_1_Dm.o
arm-none-eabi-gcc.exe -mcpu=cortex-m3 -mthumb -I. -IGenerated_Source\PSoC5 -Wa,-alh=.\CortexM3\ARM_GCC_493\Debug/USBUART_1_Dp.lst -g -D DEBUG -Wall -ffunction-sections -Og -ffat-lto-objects -c Generated_Source\PSoC5\USBUART_1_Dp.c -o .\CortexM3\ARM_GCC_493\Debug\USBUART_1_Dp.o
arm-none-eabi-gcc.exe -mcpu=cortex-m3 -mthumb -I. -IGenerated_Source\PSoC5 -Wa,-alh=.\CortexM3\ARM_GCC_493\Debug/LCD.lst -g -D DEBUG -Wall -ffunction-sections -Og -ffat-lto-objects -c Generated_Source\PSoC5\LCD.c -o .\CortexM3\ARM_GCC_493\Debug\LCD.o
arm-none-eabi-gcc.exe -mcpu=cortex-m3 -mthumb -I. -IGenerated_Source\PSoC5 -Wa,-alh=.\CortexM3\ARM_GCC_493\Debug/LCD_PM.lst -g -D DEBUG -Wall -ffunction-sections -Og -ffat-lto-objects -c Generated_Source\PSoC5\LCD_PM.c -o .\CortexM3\ARM_GCC_493\Debug\LCD_PM.o
arm-none-eabi-gcc.exe -mcpu=cortex-m3 -mthumb -I. -IGenerated_Source\PSoC5 -Wa,-alh=.\CortexM3\ARM_GCC_493\Debug/LCD_LCDPort.lst -g -D DEBUG -Wall -ffunction-sections -Og -ffat-lto-objects -c Generated_Source\PSoC5\LCD_LCDPort.c -o .\CortexM3\ARM_GCC_493\Debug\LCD_LCDPort.o
arm-none-eabi-gcc.exe -mcpu=cortex-m3 -mthumb -I. -IGenerated_Source\PSoC5 -Wa,-alh=.\CortexM3\ARM_GCC_493\Debug/PWM_2.lst -g -D DEBUG -Wall -ffunction-sections -Og -ffat-lto-objects -c Generated_Source\PSoC5\PWM_2.c -o .\CortexM3\ARM_GCC_493\Debug\PWM_2.o
arm-none-eabi-gcc.exe -mcpu=cortex-m3 -mthumb -I. -IGenerated_Source\PSoC5 -Wa,-alh=.\CortexM3\ARM_GCC_493\Debug/PWM_2_PM.lst -g -D DEBUG -Wall -ffunction-sections -Og -ffat-lto-objects -c Generated_Source\PSoC5\PWM_2_PM.c -o .\CortexM3\ARM_GCC_493\Debug\PWM_2_PM.o
arm-none-eabi-gcc.exe -mcpu=cortex-m3 -mthumb -I. -IGenerated_Source\PSoC5 -Wa,-alh=.\CortexM3\ARM_GCC_493\Debug/MDIO_host_2_my.lst -g -D DEBUG -Wall -ffunction-sections -Og -ffat-lto-objects -c Generated_Source\PSoC5\MDIO_host_2_my.c -o .\CortexM3\ARM_GCC_493\Debug\MDIO_host_2_my.o
arm-none-eabi-gcc.exe -mcpu=cortex-m3 -mthumb -I. -IGenerated_Source\PSoC5 -Wa,-alh=.\CortexM3\ARM_GCC_493\Debug/ISR.lst -g -D DEBUG -Wall -ffunction-sections -Og -ffat-lto-objects -c Generated_Source\PSoC5\ISR.c -o .\CortexM3\ARM_GCC_493\Debug\ISR.o
arm-none-eabi-gcc.exe -mcpu=cortex-m3 -mthumb -I. -IGenerated_Source\PSoC5 -Wa,-alh=.\CortexM3\ARM_GCC_493\Debug/Clock_1.lst -g -D DEBUG -Wall -ffunction-sections -Og -ffat-lto-objects -c Generated_Source\PSoC5\Clock_1.c -o .\CortexM3\ARM_GCC_493\Debug\Clock_1.o
arm-none-eabi-gcc.exe -mcpu=cortex-m3 -mthumb -I. -IGenerated_Source\PSoC5 -Wa,-alh=.\CortexM3\ARM_GCC_493\Debug/Debug_MDIO.lst -g -D DEBUG -Wall -ffunction-sections -Og -ffat-lto-objects -c Generated_Source\PSoC5\Debug_MDIO.c -o .\CortexM3\ARM_GCC_493\Debug\Debug_MDIO.o
arm-none-eabi-gcc.exe -mcpu=cortex-m3 -mthumb -I. -IGenerated_Source\PSoC5 -Wa,-alh=.\CortexM3\ARM_GCC_493\Debug/LED_3.lst -g -D DEBUG -Wall -ffunction-sections -Og -ffat-lto-objects -c Generated_Source\PSoC5\LED_3.c -o .\CortexM3\ARM_GCC_493\Debug\LED_3.o
arm-none-eabi-gcc.exe -mcpu=cortex-m3 -mthumb -I. -IGenerated_Source\PSoC5 -Wa,-alh=.\CortexM3\ARM_GCC_493\Debug/DAT_ISR.lst -g -D DEBUG -Wall -ffunction-sections -Og -ffat-lto-objects -c Generated_Source\PSoC5\DAT_ISR.c -o .\CortexM3\ARM_GCC_493\Debug\DAT_ISR.o
arm-none-eabi-gcc.exe -mcpu=cortex-m3 -mthumb -I. -IGenerated_Source\PSoC5 -Wa,-alh=.\CortexM3\ARM_GCC_493\Debug/ADDR_ISR.lst -g -D DEBUG -Wall -ffunction-sections -Og -ffat-lto-objects -c Generated_Source\PSoC5\ADDR_ISR.c -o .\CortexM3\ARM_GCC_493\Debug\ADDR_ISR.o
arm-none-eabi-gcc.exe -mcpu=cortex-m3 -mthumb -I. -IGenerated_Source\PSoC5 -Wa,-alh=.\CortexM3\ARM_GCC_493\Debug/COR_ISR.lst -g -D DEBUG -Wall -ffunction-sections -Og -ffat-lto-objects -c Generated_Source\PSoC5\COR_ISR.c -o .\CortexM3\ARM_GCC_493\Debug\COR_ISR.o
arm-none-eabi-gcc.exe -mcpu=cortex-m3 -mthumb -I. -IGenerated_Source\PSoC5 -Wa,-alh=.\CortexM3\ARM_GCC_493\Debug/MDIO_Interface.lst -g -D DEBUG -Wall -ffunction-sections -Og -ffat-lto-objects -c Generated_Source\PSoC5\MDIO_Interface.c -o .\CortexM3\ARM_GCC_493\Debug\MDIO_Interface.o
arm-none-eabi-gcc.exe -mcpu=cortex-m3 -mthumb -I. -IGenerated_Source\PSoC5 -Wa,-alh=.\CortexM3\ARM_GCC_493\Debug/MDIO_Interface_REG.lst -g -D DEBUG -Wall -ffunction-sections -Og -ffat-lto-objects -c Generated_Source\PSoC5\MDIO_Interface_REG.c -o .\CortexM3\ARM_GCC_493\Debug\MDIO_Interface_REG.o
arm-none-eabi-gcc.exe -mcpu=cortex-m3 -mthumb -I. -IGenerated_Source\PSoC5 -Wa,-alh=.\CortexM3\ARM_GCC_493\Debug/MDIO_Interface_PM.lst -g -D DEBUG -Wall -ffunction-sections -Og -ffat-lto-objects -c Generated_Source\PSoC5\MDIO_Interface_PM.c -o .\CortexM3\ARM_GCC_493\Debug\MDIO_Interface_PM.o
arm-none-eabi-gcc.exe -mcpu=cortex-m3 -mthumb -I. -IGenerated_Source\PSoC5 -Wa,-alh=.\CortexM3\ARM_GCC_493\Debug/MDIO_S.lst -g -D DEBUG -Wall -ffunction-sections -Og -ffat-lto-objects -c Generated_Source\PSoC5\MDIO_S.c -o .\CortexM3\ARM_GCC_493\Debug\MDIO_S.o
arm-none-eabi-gcc.exe -mcpu=cortex-m3 -mthumb -I. -IGenerated_Source\PSoC5 -Wa,-alh=.\CortexM3\ARM_GCC_493\Debug/MDIO_Interface_AddrDMA_dma.lst -g -D DEBUG -Wall -ffunction-sections -Og -ffat-lto-objects -c Generated_Source\PSoC5\MDIO_Interface_AddrDMA_dma.c -o .\CortexM3\ARM_GCC_493\Debug\MDIO_Interface_AddrDMA_dma.o
arm-none-eabi-gcc.exe -mcpu=cortex-m3 -mthumb -I. -IGenerated_Source\PSoC5 -Wa,-alh=.\CortexM3\ARM_GCC_493\Debug/MDIO_Interface_InfoDMA_dma.lst -g -D DEBUG -Wall -ffunction-sections -Og -ffat-lto-objects -c Generated_Source\PSoC5\MDIO_Interface_InfoDMA_dma.c -o .\CortexM3\ARM_GCC_493\Debug\MDIO_Interface_InfoDMA_dma.o
arm-none-eabi-gcc.exe -mcpu=cortex-m3 -mthumb -I. -IGenerated_Source\PSoC5 -Wa,-alh=.\CortexM3\ARM_GCC_493\Debug/MDIO_Interface_StartAddrDMA_dma.lst -g -D DEBUG -Wall -ffunction-sections -Og -ffat-lto-objects -c Generated_Source\PSoC5\MDIO_Interface_StartAddrDMA_dma.c -o .\CortexM3\ARM_GCC_493\Debug\MDIO_Interface_StartAddrDMA_dma.o
arm-none-eabi-gcc.exe -mcpu=cortex-m3 -mthumb -I. -IGenerated_Source\PSoC5 -Wa,-alh=.\CortexM3\ARM_GCC_493\Debug/MDIO_Interface_EndAddrDMA_dma.lst -g -D DEBUG -Wall -ffunction-sections -Og -ffat-lto-objects -c Generated_Source\PSoC5\MDIO_Interface_EndAddrDMA_dma.c -o .\CortexM3\ARM_GCC_493\Debug\MDIO_Interface_EndAddrDMA_dma.o
arm-none-eabi-gcc.exe -mcpu=cortex-m3 -mthumb -I. -IGenerated_Source\PSoC5 -Wa,-alh=.\CortexM3\ARM_GCC_493\Debug/MDIO_Interface_WrDMA_dma.lst -g -D DEBUG -Wall -ffunction-sections -Og -ffat-lto-objects -c Generated_Source\PSoC5\MDIO_Interface_WrDMA_dma.c -o .\CortexM3\ARM_GCC_493\Debug\MDIO_Interface_WrDMA_dma.o
arm-none-eabi-gcc.exe -mcpu=cortex-m3 -mthumb -I. -IGenerated_Source\PSoC5 -Wa,-alh=.\CortexM3\ARM_GCC_493\Debug/MDIO_Interface_RdDMA_dma.lst -g -D DEBUG -Wall -ffunction-sections -Og -ffat-lto-objects -c Generated_Source\PSoC5\MDIO_Interface_RdDMA_dma.c -o .\CortexM3\ARM_GCC_493\Debug\MDIO_Interface_RdDMA_dma.o
arm-none-eabi-gcc.exe -mcpu=cortex-m3 -mthumb -I. -IGenerated_Source\PSoC5 -Wa,-alh=.\CortexM3\ARM_GCC_493\Debug/MDIO_Interface_CfgDMA1_dma.lst -g -D DEBUG -Wall -ffunction-sections -Og -ffat-lto-objects -c Generated_Source\PSoC5\MDIO_Interface_CfgDMA1_dma.c -o .\CortexM3\ARM_GCC_493\Debug\MDIO_Interface_CfgDMA1_dma.o
arm-none-eabi-gcc.exe -mcpu=cortex-m3 -mthumb -I. -IGenerated_Source\PSoC5 -Wa,-alh=.\CortexM3\ARM_GCC_493\Debug/MDIO_Interface_CfgDMA2_dma.lst -g -D DEBUG -Wall -ffunction-sections -Og -ffat-lto-objects -c Generated_Source\PSoC5\MDIO_Interface_CfgDMA2_dma.c -o .\CortexM3\ARM_GCC_493\Debug\MDIO_Interface_CfgDMA2_dma.o
arm-none-eabi-gcc.exe -mcpu=cortex-m3 -mthumb -I. -IGenerated_Source\PSoC5 -Wa,-alh=.\CortexM3\ARM_GCC_493\Debug/MDIO_Interface_FwDMA1_dma.lst -g -D DEBUG -Wall -ffunction-sections -Og -ffat-lto-objects -c Generated_Source\PSoC5\MDIO_Interface_FwDMA1_dma.c -o .\CortexM3\ARM_GCC_493\Debug\MDIO_Interface_FwDMA1_dma.o
arm-none-eabi-gcc.exe -mcpu=cortex-m3 -mthumb -I. -IGenerated_Source\PSoC5 -Wa,-alh=.\CortexM3\ARM_GCC_493\Debug/MDIO_Interface_FwDMA2_dma.lst -g -D DEBUG -Wall -ffunction-sections -Og -ffat-lto-objects -c Generated_Source\PSoC5\MDIO_Interface_FwDMA2_dma.c -o .\CortexM3\ARM_GCC_493\Debug\MDIO_Interface_FwDMA2_dma.o
arm-none-eabi-gcc.exe -mcpu=cortex-m3 -mthumb -I. -IGenerated_Source\PSoC5 -Wa,-alh=.\CortexM3\ARM_GCC_493\Debug/MDC_S.lst -g -D DEBUG -Wall -ffunction-sections -Og -ffat-lto-objects -c Generated_Source\PSoC5\MDC_S.c -o .\CortexM3\ARM_GCC_493\Debug\MDC_S.o
arm-none-eabi-gcc.exe -mcpu=cortex-m3 -mthumb -I. -IGenerated_Source\PSoC5 -Wa,-alh=.\CortexM3\ARM_GCC_493\Debug/Debug_MDIO_1.lst -g -D DEBUG -Wall -ffunction-sections -Og -ffat-lto-objects -c Generated_Source\PSoC5\Debug_MDIO_1.c -o .\CortexM3\ARM_GCC_493\Debug\Debug_MDIO_1.o
arm-none-eabi-as.exe -mcpu=cortex-m3 -mthumb -I. -IGenerated_Source\PSoC5 -alh=.\CortexM3\ARM_GCC_493\Debug/CyBootAsmGnu.lst -g -W -o .\CortexM3\ARM_GCC_493\Debug\CyBootAsmGnu.o Generated_Source\PSoC5\CyBootAsmGnu.s
arm-none-eabi-ar.exe -rs .\CortexM3\ARM_GCC_493\Debug\cfp_reader.a .\CortexM3\ARM_GCC_493\Debug\cyfitter_cfg.o .\CortexM3\ARM_GCC_493\Debug\VRef_1V2.o .\CortexM3\ARM_GCC_493\Debug\Clock_3.o .\CortexM3\ARM_GCC_493\Debug\MDIO_M.o .\CortexM3\ARM_GCC_493\Debug\VDAC8_1.o .\CortexM3\ARM_GCC_493\Debug\VDAC8_1_PM.o .\CortexM3\ARM_GCC_493\Debug\Opamp_1.o .\CortexM3\ARM_GCC_493\Debug\Opamp_1_PM.o .\CortexM3\ARM_GCC_493\Debug\MDC_M.o .\CortexM3\ARM_GCC_493\Debug\CyDmac.o .\CortexM3\ARM_GCC_493\Debug\CyFlash.o .\CortexM3\ARM_GCC_493\Debug\CyLib.o .\CortexM3\ARM_GCC_493\Debug\cyPm.o .\CortexM3\ARM_GCC_493\Debug\CySpc.o .\CortexM3\ARM_GCC_493\Debug\cyutils.o .\CortexM3\ARM_GCC_493\Debug\Clock_2.o .\CortexM3\ARM_GCC_493\Debug\PWM_1.o .\CortexM3\ARM_GCC_493\Debug\PWM_1_PM.o .\CortexM3\ARM_GCC_493\Debug\LED_1.o .\CortexM3\ARM_GCC_493\Debug\LED_2.o .\CortexM3\ARM_GCC_493\Debug\USBUART_1.o .\CortexM3\ARM_GCC_493\Debug\USBUART_1_audio.o .\CortexM3\ARM_GCC_493\Debug\USBUART_1_boot.o .\CortexM3\ARM_GCC_493\Debug\USBUART_1_cdc.o .\CortexM3\ARM_GCC_493\Debug\USBUART_1_cls.o .\CortexM3\ARM_GCC_493\Debug\USBUART_1_descr.o .\CortexM3\ARM_GCC_493\Debug\USBUART_1_drv.o .\CortexM3\ARM_GCC_493\Debug\USBUART_1_episr.o .\CortexM3\ARM_GCC_493\Debug\USBUART_1_hid.o .\CortexM3\ARM_GCC_493\Debug\USBUART_1_pm.o .\CortexM3\ARM_GCC_493\Debug\USBUART_1_std.o .\CortexM3\ARM_GCC_493\Debug\USBUART_1_vnd.o .\CortexM3\ARM_GCC_493\Debug\USBUART_1_midi.o .\CortexM3\ARM_GCC_493\Debug\USBUART_1_msc.o .\CortexM3\ARM_GCC_493\Debug\USBUART_1_Dm.o .\CortexM3\ARM_GCC_493\Debug\USBUART_1_Dp.o .\CortexM3\ARM_GCC_493\Debug\LCD.o .\CortexM3\ARM_GCC_493\Debug\LCD_PM.o .\CortexM3\ARM_GCC_493\Debug\LCD_LCDPort.o .\CortexM3\ARM_GCC_493\Debug\PWM_2.o .\CortexM3\ARM_GCC_493\Debug\PWM_2_PM.o .\CortexM3\ARM_GCC_493\Debug\MDIO_host_2_my.o .\CortexM3\ARM_GCC_493\Debug\ISR.o .\CortexM3\ARM_GCC_493\Debug\Clock_1.o .\CortexM3\ARM_GCC_493\Debug\Debug_MDIO.o .\CortexM3\ARM_GCC_493\Debug\LED_3.o .\CortexM3\ARM_GCC_493\Debug\DAT_ISR.o .\CortexM3\ARM_GCC_493\Debug\ADDR_ISR.o .\CortexM3\ARM_GCC_493\Debug\COR_ISR.o .\CortexM3\ARM_GCC_493\Debug\MDIO_Interface.o .\CortexM3\ARM_GCC_493\Debug\MDIO_Interface_REG.o .\CortexM3\ARM_GCC_493\Debug\MDIO_Interface_PM.o .\CortexM3\ARM_GCC_493\Debug\MDIO_S.o .\CortexM3\ARM_GCC_493\Debug\MDIO_Interface_AddrDMA_dma.o .\CortexM3\ARM_GCC_493\Debug\MDIO_Interface_InfoDMA_dma.o .\CortexM3\ARM_GCC_493\Debug\MDIO_Interface_StartAddrDMA_dma.o .\CortexM3\ARM_GCC_493\Debug\MDIO_Interface_EndAddrDMA_dma.o .\CortexM3\ARM_GCC_493\Debug\MDIO_Interface_WrDMA_dma.o .\CortexM3\ARM_GCC_493\Debug\MDIO_Interface_RdDMA_dma.o .\CortexM3\ARM_GCC_493\Debug\MDIO_Interface_CfgDMA1_dma.o .\CortexM3\ARM_GCC_493\Debug\MDIO_Interface_CfgDMA2_dma.o .\CortexM3\ARM_GCC_493\Debug\MDIO_Interface_FwDMA1_dma.o .\CortexM3\ARM_GCC_493\Debug\MDIO_Interface_FwDMA2_dma.o .\CortexM3\ARM_GCC_493\Debug\MDC_S.o .\CortexM3\ARM_GCC_493\Debug\Debug_MDIO_1.o .\CortexM3\ARM_GCC_493\Debug\CyBootAsmGnu.o
arm-none-eabi-ar.exe: creating .\CortexM3\ARM_GCC_493\Debug\cfp_reader.a
arm-none-eabi-gcc.exe -Wl,--start-group -o .\CortexM3\ARM_GCC_493\Debug\cfp_reader.elf .\CortexM3\ARM_GCC_493\Debug\main.o .\CortexM3\ARM_GCC_493\Debug\cymetadata.o .\CortexM3\ARM_GCC_493\Debug\Cm3Start.o .\CortexM3\ARM_GCC_493\Debug\cfp_reader.a "C:\Program Files (x86)\Cypress\PSoC Creator\4.0\PSoC Creator\psoc\content\cycomponentlibrary\CyComponentLibrary.cylib\CortexM3\ARM_GCC_493\Debug\CyComponentLibrary.a" -mcpu=cortex-m3 -mthumb -g -ffunction-sections -Og -ffat-lto-objects -L Generated_Source\PSoC5 -Wl,-Map,.\CortexM3\ARM_GCC_493\Debug/cfp_reader.map -T D:\PROJECT\pgm\Cypress_dem_board\CFP_reader\cfp_reader\W_cfp_reader\cfp_reader.cydsn\Generated_Source\PSoC5\cm3gcc.ld -specs=nano.specs -Wl,--gc-sections -Wl,--end-group
cyelftool.exe -C D:\PROJECT\pgm\Cypress_dem_board\CFP_reader\cfp_reader\W_cfp_reader\cfp_reader.cydsn\CortexM3\ARM_GCC_493\Debug\cfp_reader.elf --flash_row_size 256 --flash_size 262144
cyelftool.exe -S D:\PROJECT\pgm\Cypress_dem_board\CFP_reader\cfp_reader\W_cfp_reader\cfp_reader.cydsn\CortexM3\ARM_GCC_493\Debug\cfp_reader.elf
Flash used: 21454 of 262144 bytes (8,2%).
SRAM used: 6629 of 65536 bytes (10,1%). Stack: 2048 bytes. Heap: 128 bytes.
--------------- Rebuild Succeeded: 06/02/2017 10:13:53 ---------------
